           time speciesNumber speciesName reactionNumber           rate  reaction                                                                                                                                                                                                                                                                                                                                                                                                                                                                                                                                                                                                                                                                                                                                                                                                                                                                                                                                                        
  3.600000E+003            76                                                HCHO            165  0.000000E+000  C109OOH=C89CO3+HCHO+OH
  3.600000E+003            76                                                HCHO            166  3.157936E+006  C109O=C89CO3+HCHO
  3.600000E+003            76                                                HCHO            172  0.000000E+000  C109OH=C89CO3+HCHO+HO2
  3.600000E+003            76                                                HCHO            274  6.267479E+000  CH3O2+HO2=HCHO
  3.600000E+003            76                                                HCHO            281  3.977384E+003  CH3O2=HCHO
  3.600000E+003            76                                                HCHO            351  1.032457E+002  CH3COCH2O=CH3CO3+HCHO
  3.600000E+003            76                                                HCHO            354  0.000000E+000  HYPERACET=CH3CO3+HCHO+OH
  3.600000E+003            76                                                HCHO            357  0.000000E+000  ACETOL=CH3CO3+HCHO+HO2
  3.600000E+003            76                                                HCHO            364  7.308129E-021  PAN+OH=HCHO+CO+NO2
  3.600000E+003            76                                                HCHO            368  1.717119E-001  OH+CH3OOH=HCHO+OH
  3.600000E+003            76                                                HCHO            370 -3.793310E-048  OH+CH3NO3=HCHO+NO2
  3.600000E+003            76                                                HCHO            371  4.650824E+003  CH3O=HCHO+HO2
  3.600000E+003            76                                                HCHO            373  2.003102E+000  CH3OH+OH=HO2+HCHO
  3.600000E+003            76                                                HCHO            567  7.737356E+002  CHOC3COO=HCOCH2CO3+HCHO
  3.600000E+003            76                                                HCHO            595  1.587919E+002  H3C25C6O=H3C2C4CO3+HCHO
  3.600000E+003            76                                                HCHO            604  2.670583E+004  CO235C6O=CO23C4CO3+HCHO
  3.600000E+003            76                                                HCHO            662  1.978683E-001  HOCH2CO3+HO2=HO2+HCHO+OH
  3.600000E+003            76                                                HCHO            665  8.588323E-041  HOCH2CO3+NO=NO2+HO2+HCHO
  3.600000E+003            76                                                HCHO            667 -2.925343E-019  HOCH2CO3+NO3=NO2+HO2+HCHO
  3.600000E+003            76                                                HCHO            668  3.021213E+002  HOCH2CO3=HCHO+HO2
  3.600000E+003            76                                                HCHO            675  2.928475E+004  C614O=CO23C4CHO+HCHO+HO2
  3.600000E+003            76                                                HCHO            757  1.650805E+004  BIACETO=CH3CO3+HCHO+CO
  3.600000E+003            76                                                HCHO            764  1.850594E-001  HOCH2CO2H+OH=HCHO+HO2
  3.600000E+003            76                                                HCHO            766  0.000000E+000  HOCH2CO3H=HCHO+HO2+OH
  3.600000E+003            76                                                HCHO            767  6.205442E-021  PHAN+OH=HCHO+CO+NO2
  3.600000E+003            76                                                HCHO            787  6.556971E+001  HMVKAO=MGLYOX+HCHO+HO2
  3.600000E+003            76                                                HCHO            806 -9.337087E-022  CHOCOCH2O=HCHO+HCOCO
  3.600000E+003            76                                                HCHO            832  0.000000E+000  HCOCH2OOH=HO2+CO+HCHO+OH
  3.600000E+003            76                                                HCHO            833  2.407516E+003  HCOCH2O=HCHO+CO+HO2
  3.600000E+003            76                                                HCHO            836  0.000000E+000  GLYOX=HCHO+CO
  3.600000E+003            76                                                HCHO            842  0.000000E+000  HOCH2CHO=HO2+HCHO+HO2+CO
  3.600000E+003            76                                                HCHO            846  2.607868E+004  C621O=HCHO+H1C23C4CHO+HO2
  3.600000E+003            76                                                HCHO            868 -1.502540E-040  C813NO3+OH=CH3COCH3+CO13C3CO2H+HCHO+NO2
  3.600000E+003            76                                                HCHO            927  8.340068E+004  C516O=CO13C3CO2H+HCHO+HO2
  3.600000E+003            76                                                HCHO            939  4.294210E+002  H1C23C4O=HCHO+CO+HOCH2CO3
  7.200000E+003            76                                                HCHO            165  0.000000E+000  C109OOH=C89CO3+HCHO+OH
  7.200000E+003            76                                                HCHO            166  2.229668E+006  C109O=C89CO3+HCHO
  7.200000E+003            76                                                HCHO            172  0.000000E+000  C109OH=C89CO3+HCHO+HO2
  7.200000E+003            76                                                HCHO            274  1.261815E+001  CH3O2+HO2=HCHO
  7.200000E+003            76                                                HCHO            281  1.273227E+004  CH3O2=HCHO
  7.200000E+003            76                                                HCHO            351  2.684483E+002  CH3COCH2O=CH3CO3+HCHO
  7.200000E+003            76                                                HCHO            354  0.000000E+000  HYPERACET=CH3CO3+HCHO+OH
  7.200000E+003            76                                                HCHO            357  0.000000E+000  ACETOL=CH3CO3+HCHO+HO2
  7.200000E+003            76                                                HCHO            364  1.985229E-018  PAN+OH=HCHO+CO+NO2
  7.200000E+003            76                                                HCHO            368  7.199888E-001  OH+CH3OOH=HCHO+OH
  7.200000E+003            76                                                HCHO            370  1.342416E-044  OH+CH3NO3=HCHO+NO2
  7.200000E+003            76                                                HCHO            371  1.489103E+004  CH3O=HCHO+HO2
  7.200000E+003            76                                                HCHO            373  1.265375E+001  CH3OH+OH=HO2+HCHO
  7.200000E+003            76                                                HCHO            567  3.713684E+003  CHOC3COO=HCOCH2CO3+HCHO
  7.200000E+003            76                                                HCHO            595  8.311422E+002  H3C25C6O=H3C2C4CO3+HCHO
  7.200000E+003            76                                                HCHO            604  7.492078E+004  CO235C6O=CO23C4CO3+HCHO
  7.200000E+003            76                                                HCHO            662  5.151854E-001  HOCH2CO3+HO2=HO2+HCHO+OH
  7.200000E+003            76                                                HCHO            665  2.608262E-037  HOCH2CO3+NO=NO2+HO2+HCHO
  7.200000E+003            76                                                HCHO            667 -2.192430E-014  HOCH2CO3+NO3=NO2+HO2+HCHO
  7.200000E+003            76                                                HCHO            668  1.250760E+003  HOCH2CO3=HCHO+HO2
  7.200000E+003            76                                                HCHO            675  6.668568E+004  C614O=CO23C4CHO+HCHO+HO2
  7.200000E+003            76                                                HCHO            757  4.791529E+004  BIACETO=CH3CO3+HCHO+CO
  7.200000E+003            76                                                HCHO            764  1.447590E+000  HOCH2CO2H+OH=HCHO+HO2
  7.200000E+003            76                                                HCHO            766  0.000000E+000  HOCH2CO3H=HCHO+HO2+OH
  7.200000E+003            76                                                HCHO            767  2.585936E-018  PHAN+OH=HCHO+CO+NO2
  7.200000E+003            76                                                HCHO            787  3.522466E+002  HMVKAO=MGLYOX+HCHO+HO2
  7.200000E+003            76                                                HCHO            806 -7.203757E-020  CHOCOCH2O=HCHO+HCOCO
  7.200000E+003            76                                                HCHO            832  0.000000E+000  HCOCH2OOH=HO2+CO+HCHO+OH
  7.200000E+003            76                                                HCHO            833  7.172400E+003  HCOCH2O=HCHO+CO+HO2
  7.200000E+003            76                                                HCHO            836  0.000000E+000  GLYOX=HCHO+CO
  7.200000E+003            76                                                HCHO            842  0.000000E+000  HOCH2CHO=HO2+HCHO+HO2+CO
  7.200000E+003            76                                                HCHO            846  5.580450E+004  C621O=HCHO+H1C23C4CHO+HO2
  7.200000E+003            76                                                HCHO            868 -1.968538E-037  C813NO3+OH=CH3COCH3+CO13C3CO2H+HCHO+NO2
  7.200000E+003            76                                                HCHO            927  1.110011E+005  C516O=CO13C3CO2H+HCHO+HO2
  7.200000E+003            76                                                HCHO            939  1.767832E+003  H1C23C4O=HCHO+CO+HOCH2CO3
  1.080000E+004            76                                                HCHO            165  0.000000E+000  C109OOH=C89CO3+HCHO+OH
  1.080000E+004            76                                                HCHO            166  1.667102E+006  C109O=C89CO3+HCHO
  1.080000E+004            76                                                HCHO            172  0.000000E+000  C109OH=C89CO3+HCHO+HO2
  1.080000E+004            76                                                HCHO            274  1.500079E+001  CH3O2+HO2=HCHO
  1.080000E+004            76                                                HCHO            281  1.936389E+004  CH3O2=HCHO
  1.080000E+004            76                                                HCHO            351  3.798791E+002  CH3COCH2O=CH3CO3+HCHO
  1.080000E+004            76                                                HCHO            354  0.000000E+000  HYPERACET=CH3CO3+HCHO+OH
  1.080000E+004            76                                                HCHO            357  0.000000E+000  ACETOL=CH3CO3+HCHO+HO2
  1.080000E+004            76                                                HCHO            364  4.496352E-015  PAN+OH=HCHO+CO+NO2
  1.080000E+004            76                                                HCHO            368  1.213161E+000  OH+CH3OOH=HCHO+OH
  1.080000E+004            76                                                HCHO            370 -6.419405E-032  OH+CH3NO3=HCHO+NO2
  1.080000E+004            76                                                HCHO            371  2.264643E+004  CH3O=HCHO+HO2
  1.080000E+004            76                                                HCHO            373  2.674694E+001  CH3OH+OH=HO2+HCHO
  1.080000E+004            76                                                HCHO            567  7.033284E+003  CHOC3COO=HCOCH2CO3+HCHO
  1.080000E+004            76                                                HCHO            595  1.561039E+003  H3C25C6O=H3C2C4CO3+HCHO
  1.080000E+004            76                                                HCHO            604  1.057378E+005  CO235C6O=CO23C4CO3+HCHO
  1.080000E+004            76                                                HCHO            662  6.938664E-001  HOCH2CO3+HO2=HO2+HCHO+OH
  1.080000E+004            76                                                HCHO            665 -7.283063E-026  HOCH2CO3+NO=NO2+HO2+HCHO
  1.080000E+004            76                                                HCHO            667 -2.063439E-010  HOCH2CO3+NO3=NO2+HO2+HCHO
  1.080000E+004            76                                                HCHO            668  2.155037E+003  HOCH2CO3=HCHO+HO2
  1.080000E+004            76                                                HCHO            675  8.576573E+004  C614O=CO23C4CHO+HCHO+HO2
  1.080000E+004            76                                                HCHO            757  6.892689E+004  BIACETO=CH3CO3+HCHO+CO
  1.080000E+004            76                                                HCHO            764  3.456413E+000  HOCH2CO2H+OH=HCHO+HO2
  1.080000E+004            76                                                HCHO            766  0.000000E+000  HOCH2CO3H=HCHO+HO2+OH
  1.080000E+004            76                                                HCHO            767  5.204975E-015  PHAN+OH=HCHO+CO+NO2
  1.080000E+004            76                                                HCHO            787  6.691260E+002  HMVKAO=MGLYOX+HCHO+HO2
  1.080000E+004            76                                                HCHO            806  4.868981E-015  CHOCOCH2O=HCHO+HCOCO
  1.080000E+004            76                                                HCHO            832  0.000000E+000  HCOCH2OOH=HO2+CO+HCHO+OH
  1.080000E+004            76                                                HCHO            833  1.075618E+004  HCOCH2O=HCHO+CO+HO2
  1.080000E+004            76                                                HCHO            836  0.000000E+000  GLYOX=HCHO+CO
  1.080000E+004            76                                                HCHO            842  0.000000E+000  HOCH2CHO=HO2+HCHO+HO2+CO
  1.080000E+004            76                                                HCHO            846  6.785687E+004  C621O=HCHO+H1C23C4CHO+HO2
  1.080000E+004            76                                                HCHO            868 -1.729830E-025  C813NO3+OH=CH3COCH3+CO13C3CO2H+HCHO+NO2
  1.080000E+004            76                                                HCHO            927  1.085923E+005  C516O=CO13C3CO2H+HCHO+HO2
  1.080000E+004            76                                                HCHO            939  3.036863E+003  H1C23C4O=HCHO+CO+HOCH2CO3
  1.440000E+004            76                                                HCHO            165  2.909225E-004  C109OOH=C89CO3+HCHO+OH
  1.440000E+004            76                                                HCHO            166  1.302929E+006  C109O=C89CO3+HCHO
  1.440000E+004            76                                                HCHO            172  1.646488E-003  C109OH=C89CO3+HCHO+HO2
  1.440000E+004            76                                                HCHO            274  1.554734E+001  CH3O2+HO2=HCHO
  1.440000E+004            76                                                HCHO            281  2.331606E+004  CH3O2=HCHO
  1.440000E+004            76                                                HCHO            351  4.380012E+002  CH3COCH2O=CH3CO3+HCHO
  1.440000E+004            76                                                HCHO            354  4.214913E-009  HYPERACET=CH3CO3+HCHO+OH
  1.440000E+004            76                                                HCHO            357  8.719340E-007  ACETOL=CH3CO3+HCHO+HO2
  1.440000E+004            76                                                HCHO            364 -6.048206E-016  PAN+OH=HCHO+CO+NO2
  1.440000E+004            76                                                HCHO            368  1.537258E+000  OH+CH3OOH=HCHO+OH
  1.440000E+004            76                                                HCHO            370 -1.226674E-023  OH+CH3NO3=HCHO+NO2
  1.440000E+004            76                                                HCHO            371  2.726781E+004  CH3O=HCHO+HO2
  1.440000E+004            76                                                HCHO            373  3.914508E+001  CH3OH+OH=HO2+HCHO
  1.440000E+004            76                                                HCHO            567  1.074104E+004  CHOC3COO=HCOCH2CO3+HCHO
  1.440000E+004            76                                                HCHO            595  2.095827E+003  H3C25C6O=H3C2C4CO3+HCHO
  1.440000E+004            76                                                HCHO            604  1.203219E+005  CO235C6O=CO23C4CO3+HCHO
  1.440000E+004            76                                                HCHO            662  7.945584E-001  HOCH2CO3+HO2=HO2+HCHO+OH
  1.440000E+004            76                                                HCHO            665 -4.300491E-017  HOCH2CO3+NO=NO2+HO2+HCHO
  1.440000E+004            76                                                HCHO            667 -1.577950E-017  HOCH2CO3+NO3=NO2+HO2+HCHO
  1.440000E+004            76                                                HCHO            668  2.866985E+003  HOCH2CO3=HCHO+HO2
  1.440000E+004            76                                                HCHO            675  9.147079E+004  C614O=CO23C4CHO+HCHO+HO2
  1.440000E+004            76                                                HCHO            757  7.945166E+004  BIACETO=CH3CO3+HCHO+CO
  1.440000E+004            76                                                HCHO            764  5.436970E+000  HOCH2CO2H+OH=HCHO+HO2
  1.440000E+004            76                                                HCHO            766  5.623553E-007  HOCH2CO3H=HCHO+HO2+OH
  1.440000E+004            76                                                HCHO            767 -8.338154E-016  PHAN+OH=HCHO+CO+NO2
  1.440000E+004            76                                                HCHO            787  9.055745E+002  HMVKAO=MGLYOX+HCHO+HO2
  1.440000E+004            76                                                HCHO            806 -1.654518E-015  CHOCOCH2O=HCHO+HCOCO
  1.440000E+004            76                                                HCHO            832  9.561858E-006  HCOCH2OOH=HO2+CO+HCHO+OH
  1.440000E+004            76                                                HCHO            833  1.337281E+004  HCOCH2O=HCHO+CO+HO2
  1.440000E+004            76                                                HCHO            836  3.322278E-001  GLYOX=HCHO+CO
  1.440000E+004            76                                                HCHO            842  1.078513E-003  HOCH2CHO=HO2+HCHO+HO2+CO
  1.440000E+004            76                                                HCHO            846  6.899430E+004  C621O=HCHO+H1C23C4CHO+HO2
  1.440000E+004            76                                                HCHO            868 -6.716618E-017  C813NO3+OH=CH3COCH3+CO13C3CO2H+HCHO+NO2
  1.440000E+004            76                                                HCHO            927  9.874096E+004  C516O=CO13C3CO2H+HCHO+HO2
  1.440000E+004            76                                                HCHO            939  3.868677E+003  H1C23C4O=HCHO+CO+HOCH2CO3
  1.800000E+004            76                                                HCHO            165  3.751251E+001  C109OOH=C89CO3+HCHO+OH
  1.800000E+004            76                                                HCHO            166  1.025292E+006  C109O=C89CO3+HCHO
  1.800000E+004            76                                                HCHO            172  2.268879E+002  C109OH=C89CO3+HCHO+HO2
  1.800000E+004            76                                                HCHO            274  3.767606E+002  CH3O2+HO2=HCHO
  1.800000E+004            76                                                HCHO            281  2.117646E+005  CH3O2=HCHO
  1.800000E+004            76                                                HCHO            351  7.531941E+002  CH3COCH2O=CH3CO3+HCHO
  1.800000E+004            76                                                HCHO            354  9.028318E-004  HYPERACET=CH3CO3+HCHO+OH
  1.800000E+004            76                                                HCHO            357  1.748635E-001  ACETOL=CH3CO3+HCHO+HO2
  1.800000E+004            76                                                HCHO            364 -6.089302E-015  PAN+OH=HCHO+CO+NO2
  1.800000E+004            76                                                HCHO            368  6.918760E+000  OH+CH3OOH=HCHO+OH
  1.800000E+004            76                                                HCHO            370 -2.917232E-019  OH+CH3NO3=HCHO+NO2
  1.800000E+004            76                                                HCHO            371  2.475557E+005  CH3O=HCHO+HO2
  1.800000E+004            76                                                HCHO            373  1.387522E+002  CH3OH+OH=HO2+HCHO
  1.800000E+004            76                                                HCHO            567  7.131491E+005  CHOC3COO=HCOCH2CO3+HCHO
  1.800000E+004            76                                                HCHO            595  3.725994E+003  H3C25C6O=H3C2C4CO3+HCHO
  1.800000E+004            76                                                HCHO            604  1.937312E+005  CO235C6O=CO23C4CO3+HCHO
  1.800000E+004            76                                                HCHO            662  4.362455E+001  HOCH2CO3+HO2=HO2+HCHO+OH
  1.800000E+004            76                                                HCHO            665 -9.934858E-013  HOCH2CO3+NO=NO2+HO2+HCHO
  1.800000E+004            76                                                HCHO            667 -1.855012E-016  HOCH2CO3+NO3=NO2+HO2+HCHO
  1.800000E+004            76                                                HCHO            668  5.899554E+004  HOCH2CO3=HCHO+HO2
  1.800000E+004            76                                                HCHO            675  2.576546E+005  C614O=CO23C4CHO+HCHO+HO2
  1.800000E+004            76                                                HCHO            757  1.290650E+005  BIACETO=CH3CO3+HCHO+CO
  1.800000E+004            76                                                HCHO            764  3.936702E+001  HOCH2CO2H+OH=HCHO+HO2
  1.800000E+004            76                                                HCHO            766  2.322965E-002  HOCH2CO3H=HCHO+HO2+OH
  1.800000E+004            76                                                HCHO            767 -1.876298E-014  PHAN+OH=HCHO+CO+NO2
  1.800000E+004            76                                                HCHO            787  1.696712E+003  HMVKAO=MGLYOX+HCHO+HO2
  1.800000E+004            76                                                HCHO            806 -1.159466E-013  CHOCOCH2O=HCHO+HCOCO
  1.800000E+004            76                                                HCHO            832  2.613892E+000  HCOCH2OOH=HO2+CO+HCHO+OH
  1.800000E+004            76                                                HCHO            833  3.877472E+005  HCOCH2O=HCHO+CO+HO2
  1.800000E+004            76                                                HCHO            836  5.490609E+002  GLYOX=HCHO+CO
  1.800000E+004            76                                                HCHO            842  2.091534E+002  HOCH2CHO=HO2+HCHO+HO2+CO
  1.800000E+004            76                                                HCHO            846  4.682625E+004  C621O=HCHO+H1C23C4CHO+HO2
  1.800000E+004            76                                                HCHO            868 -2.966101E-013  C813NO3+OH=CH3COCH3+CO13C3CO2H+HCHO+NO2
  1.800000E+004            76                                                HCHO            927  1.854078E+005  C516O=CO13C3CO2H+HCHO+HO2
  1.800000E+004            76                                                HCHO            939  6.138221E+003  H1C23C4O=HCHO+CO+HOCH2CO3
  2.160000E+004            76                                                HCHO            165  2.299467E+002  C109OOH=C89CO3+HCHO+OH
  2.160000E+004            76                                                HCHO            166  7.955570E+005  C109O=C89CO3+HCHO
  2.160000E+004            76                                                HCHO            172  1.256920E+003  C109OH=C89CO3+HCHO+HO2
  2.160000E+004            76                                                HCHO            274  3.816484E+003  CH3O2+HO2=HCHO
  2.160000E+004            76                                                HCHO            281  4.910546E+005  CH3O2=HCHO
  2.160000E+004            76                                                HCHO            351  1.400594E+003  CH3COCH2O=CH3CO3+HCHO
  2.160000E+004            76                                                HCHO            354  2.019689E-002  HYPERACET=CH3CO3+HCHO+OH
  2.160000E+004            76                                                HCHO            357  1.592675E+000  ACETOL=CH3CO3+HCHO+HO2
  2.160000E+004            76                                                HCHO            364 -1.637786E-014  PAN+OH=HCHO+CO+NO2
  2.160000E+004            76                                                HCHO            368  9.294060E+001  OH+CH3OOH=HCHO+OH
  2.160000E+004            76                                                HCHO            370 -4.367097E-018  OH+CH3NO3=HCHO+NO2
  2.160000E+004            76                                                HCHO            371  5.742585E+005  CH3O=HCHO+HO2
  2.160000E+004            76                                                HCHO            373  5.926473E+002  CH3OH+OH=HO2+HCHO
  2.160000E+004            76                                                HCHO            567  1.752167E+006  CHOC3COO=HCOCH2CO3+HCHO
  2.160000E+004            76                                                HCHO            595  6.341587E+003  H3C25C6O=H3C2C4CO3+HCHO
  2.160000E+004            76                                                HCHO            604  2.972672E+005  CO235C6O=CO23C4CO3+HCHO
  2.160000E+004            76                                                HCHO            662  3.202768E+002  HOCH2CO3+HO2=HO2+HCHO+OH
  2.160000E+004            76                                                HCHO            665 -3.982999E-012  HOCH2CO3+NO=NO2+HO2+HCHO
  2.160000E+004            76                                                HCHO            667 -2.169232E-016  HOCH2CO3+NO3=NO2+HO2+HCHO
  2.160000E+004            76                                                HCHO            668  9.914989E+004  HOCH2CO3=HCHO+HO2
  2.160000E+004            76                                                HCHO            675  3.893610E+005  C614O=CO23C4CHO+HCHO+HO2
  2.160000E+004            76                                                HCHO            757  2.010389E+005  BIACETO=CH3CO3+HCHO+CO
  2.160000E+004            76                                                HCHO            764  1.775761E+002  HOCH2CO2H+OH=HCHO+HO2
  2.160000E+004            76                                                HCHO            766  8.026807E-001  HOCH2CO3H=HCHO+HO2+OH
  2.160000E+004            76                                                HCHO            767 -4.260090E-014  PHAN+OH=HCHO+CO+NO2
  2.160000E+004            76                                                HCHO            787  2.979957E+003  HMVKAO=MGLYOX+HCHO+HO2
  2.160000E+004            76                                                HCHO            806 -1.086618E-012  CHOCOCH2O=HCHO+HCOCO
  2.160000E+004            76                                                HCHO            832  1.523551E+002  HCOCH2OOH=HO2+CO+HCHO+OH
  2.160000E+004            76                                                HCHO            833  9.256658E+005  HCOCH2O=HCHO+CO+HO2
  2.160000E+004            76                                                HCHO            836  4.493702E+003  GLYOX=HCHO+CO
  2.160000E+004            76                                                HCHO            842  3.934006E+003  HOCH2CHO=HO2+HCHO+HO2+CO
  2.160000E+004            76                                                HCHO            846  1.076907E+004  C621O=HCHO+H1C23C4CHO+HO2
  2.160000E+004            76                                                HCHO            868 -9.114705E-013  C813NO3+OH=CH3COCH3+CO13C3CO2H+HCHO+NO2
  2.160000E+004            76                                                HCHO            927  2.510347E+005  C516O=CO13C3CO2H+HCHO+HO2
  2.160000E+004            76                                                HCHO            939  6.912163E+003  H1C23C4O=HCHO+CO+HOCH2CO3
  2.520000E+004            76                                                HCHO            165  7.377682E+002  C109OOH=C89CO3+HCHO+OH
  2.520000E+004            76                                                HCHO            166  5.923515E+005  C109O=C89CO3+HCHO
  2.520000E+004            76                                                HCHO            172  2.709508E+003  C109OH=C89CO3+HCHO+HO2
  2.520000E+004            76                                                HCHO            274  1.610490E+004  CH3O2+HO2=HCHO
  2.520000E+004            76                                                HCHO            281  6.145583E+005  CH3O2=HCHO
  2.520000E+004            76                                                HCHO            351  2.101209E+003  CH3COCH2O=CH3CO3+HCHO
  2.520000E+004            76                                                HCHO            354  2.562985E-001  HYPERACET=CH3CO3+HCHO+OH
  2.520000E+004            76                                                HCHO            357  5.827143E+000  ACETOL=CH3CO3+HCHO+HO2
  2.520000E+004            76                                                HCHO            364 -2.251461E-014  PAN+OH=HCHO+CO+NO2
  2.520000E+004            76                                                HCHO            368  6.487574E+002  OH+CH3OOH=HCHO+OH
  2.520000E+004            76                                                HCHO            370 -1.846369E-017  OH+CH3NO3=HCHO+NO2
  2.520000E+004            76                                                HCHO            371  7.198361E+005  CH3O=HCHO+HO2
  2.520000E+004            76                                                HCHO            373  1.392721E+003  CH3OH+OH=HO2+HCHO
  2.520000E+004            76                                                HCHO            567  2.199656E+006  CHOC3COO=HCOCH2CO3+HCHO
  2.520000E+004            76                                                HCHO            595  8.071602E+003  H3C25C6O=H3C2C4CO3+HCHO
  2.520000E+004            76                                                HCHO            604  3.206029E+005  CO235C6O=CO23C4CO3+HCHO
  2.520000E+004            76                                                HCHO            662  1.073766E+003  HOCH2CO3+HO2=HO2+HCHO+OH
  2.520000E+004            76                                                HCHO            665 -7.255022E-012  HOCH2CO3+NO=NO2+HO2+HCHO
  2.520000E+004            76                                                HCHO            667 -2.018322E-016  HOCH2CO3+NO3=NO2+HO2+HCHO
  2.520000E+004            76                                                HCHO            668  9.858594E+004  HOCH2CO3=HCHO+HO2
  2.520000E+004            76                                                HCHO            675  3.674443E+005  C614O=CO23C4CHO+HCHO+HO2
  2.520000E+004            76                                                HCHO            757  2.201126E+005  BIACETO=CH3CO3+HCHO+CO
  2.520000E+004            76                                                HCHO            764  3.667717E+002  HOCH2CO2H+OH=HCHO+HO2
  2.520000E+004            76                                                HCHO            766  6.961875E+000  HOCH2CO3H=HCHO+HO2+OH
  2.520000E+004            76                                                HCHO            767 -4.488709E-014  PHAN+OH=HCHO+CO+NO2
  2.520000E+004            76                                                HCHO            787  3.807187E+003  HMVKAO=MGLYOX+HCHO+HO2
  2.520000E+004            76                                                HCHO            806 -3.005466E-012  CHOCOCH2O=HCHO+HCOCO
  2.520000E+004            76                                                HCHO            832  1.844297E+003  HCOCH2OOH=HO2+CO+HCHO+OH
  2.520000E+004            76                                                HCHO            833  1.157096E+006  HCOCH2O=HCHO+CO+HO2
  2.520000E+004            76                                                HCHO            836  1.187278E+004  GLYOX=HCHO+CO
  2.520000E+004            76                                                HCHO            842  1.650122E+004  HOCH2CHO=HO2+HCHO+HO2+CO
  2.520000E+004            76                                                HCHO            846  6.072084E+003  C621O=HCHO+H1C23C4CHO+HO2
  2.520000E+004            76                                                HCHO            868 -9.678230E-013  C813NO3+OH=CH3COCH3+CO13C3CO2H+HCHO+NO2
  2.520000E+004            76                                                HCHO            927  2.419077E+005  C516O=CO13C3CO2H+HCHO+HO2
  2.520000E+004            76                                                HCHO            939  5.007991E+003  H1C23C4O=HCHO+CO+HOCH2CO3
  2.880000E+004            76                                                HCHO            165  1.811067E+003  C109OOH=C89CO3+HCHO+OH
  2.880000E+004            76                                                HCHO            166  4.416086E+005  C109O=C89CO3+HCHO
  2.880000E+004            76                                                HCHO            172  4.087672E+003  C109OH=C89CO3+HCHO+HO2
  2.880000E+004            76                                                HCHO            274  2.867525E+004  CH3O2+HO2=HCHO
  2.880000E+004            76                                                HCHO            281  5.827816E+005  CH3O2=HCHO
  2.880000E+004            76                                                HCHO            351  2.617724E+003  CH3COCH2O=CH3CO3+HCHO
  2.880000E+004            76                                                HCHO            354  1.428714E+000  HYPERACET=CH3CO3+HCHO+OH
  2.880000E+004            76                                                HCHO            357  1.417936E+001  ACETOL=CH3CO3+HCHO+HO2
  2.880000E+004            76                                                HCHO            364 -2.456602E-014  PAN+OH=HCHO+CO+NO2
  2.880000E+004            76                                                HCHO            368  2.077745E+003  OH+CH3OOH=HCHO+OH
  2.880000E+004            76                                                HCHO            370 -4.379428E-017  OH+CH3NO3=HCHO+NO2
  2.880000E+004            76                                                HCHO            371  6.851626E+005  CH3O=HCHO+HO2
  2.880000E+004            76                                                HCHO            373  2.296559E+003  CH3OH+OH=HO2+HCHO
  2.880000E+004            76                                                HCHO            567  2.092787E+006  CHOC3COO=HCOCH2CO3+HCHO
  2.880000E+004            76                                                HCHO            595  8.719837E+003  H3C25C6O=H3C2C4CO3+HCHO
  2.880000E+004            76                                                HCHO            604  2.911599E+005  CO235C6O=CO23C4CO3+HCHO
  2.880000E+004            76                                                HCHO            662  1.752886E+003  HOCH2CO3+HO2=HO2+HCHO+OH
  2.880000E+004            76                                                HCHO            665 -9.294834E-012  HOCH2CO3+NO=NO2+HO2+HCHO
  2.880000E+004            76                                                HCHO            667 -1.933268E-016  HOCH2CO3+NO3=NO2+HO2+HCHO
  2.880000E+004            76                                                HCHO            668  8.571415E+004  HOCH2CO3=HCHO+HO2
  2.880000E+004            76                                                HCHO            675  3.032663E+005  C614O=CO23C4CHO+HCHO+HO2
  2.880000E+004            76                                                HCHO            757  2.101803E+005  BIACETO=CH3CO3+HCHO+CO
  2.880000E+004            76                                                HCHO            764  5.516503E+002  HOCH2CO2H+OH=HCHO+HO2
  2.880000E+004            76                                                HCHO            766  2.568217E+001  HOCH2CO3H=HCHO+HO2+OH
  2.880000E+004            76                                                HCHO            767 -4.067974E-014  PHAN+OH=HCHO+CO+NO2
  2.880000E+004            76                                                HCHO            787  4.140975E+003  HMVKAO=MGLYOX+HCHO+HO2
  2.880000E+004            76                                                HCHO            806 -4.984702E-012  CHOCOCH2O=HCHO+HCOCO
  2.880000E+004            76                                                HCHO            832  7.970912E+003  HCOCH2OOH=HO2+CO+HCHO+OH
  2.880000E+004            76                                                HCHO            833  1.108738E+006  HCOCH2O=HCHO+CO+HO2
  2.880000E+004            76                                                HCHO            836  1.918587E+004  GLYOX=HCHO+CO
  2.880000E+004            76                                                HCHO            842  3.706662E+004  HOCH2CHO=HO2+HCHO+HO2+CO
  2.880000E+004            76                                                HCHO            846  7.225898E+003  C621O=HCHO+H1C23C4CHO+HO2
  2.880000E+004            76                                                HCHO            868 -7.770149E-013  C813NO3+OH=CH3COCH3+CO13C3CO2H+HCHO+NO2
  2.880000E+004            76                                                HCHO            927  1.880024E+005  C516O=CO13C3CO2H+HCHO+HO2
  2.880000E+004            76                                                HCHO            939  3.154857E+003  H1C23C4O=HCHO+CO+HOCH2CO3
  3.240000E+004            76                                                HCHO            165  3.315745E+003  C109OOH=C89CO3+HCHO+OH
  3.240000E+004            76                                                HCHO            166  3.433343E+005  C109O=C89CO3+HCHO
  3.240000E+004            76                                                HCHO            172  5.069552E+003  C109OH=C89CO3+HCHO+HO2
  3.240000E+004            76                                                HCHO            274  3.362974E+004  CH3O2+HO2=HCHO
  3.240000E+004            76                                                HCHO            281  4.866922E+005  CH3O2=HCHO
  3.240000E+004            76                                                HCHO            351  3.056478E+003  CH3COCH2O=CH3CO3+HCHO
  3.240000E+004            76                                                HCHO            354  4.424731E+000  HYPERACET=CH3CO3+HCHO+OH
  3.240000E+004            76                                                HCHO            357  2.677489E+001  ACETOL=CH3CO3+HCHO+HO2
  3.240000E+004            76                                                HCHO            364 -2.407146E-014  PAN+OH=HCHO+CO+NO2
  3.240000E+004            76                                                HCHO            368  4.165095E+003  OH+CH3OOH=HCHO+OH
  3.240000E+004            76                                                HCHO            370 -7.669315E-017  OH+CH3NO3=HCHO+NO2
  3.240000E+004            76                                                HCHO            371  5.785216E+005  CH3O=HCHO+HO2
  3.240000E+004            76                                                HCHO            373  3.170005E+003  CH3OH+OH=HO2+HCHO
  3.240000E+004            76                                                HCHO            567  1.782649E+006  CHOC3COO=HCOCH2CO3+HCHO
  3.240000E+004            76                                                HCHO            595  9.068504E+003  H3C25C6O=H3C2C4CO3+HCHO
  3.240000E+004            76                                                HCHO            604  2.512349E+005  CO235C6O=CO23C4CO3+HCHO
  3.240000E+004            76                                                HCHO            662  2.089727E+003  HOCH2CO3+HO2=HO2+HCHO+OH
  3.240000E+004            76                                                HCHO            665 -1.025805E-011  HOCH2CO3+NO=NO2+HO2+HCHO
  3.240000E+004            76                                                HCHO            667 -1.845604E-016  HOCH2CO3+NO3=NO2+HO2+HCHO
  3.240000E+004            76                                                HCHO            668  7.276473E+004  HOCH2CO3=HCHO+HO2
  3.240000E+004            76                                                HCHO            675  2.594182E+005  C614O=CO23C4CHO+HCHO+HO2
  3.240000E+004            76                                                HCHO            757  1.939043E+005  BIACETO=CH3CO3+HCHO+CO
  3.240000E+004            76                                                HCHO            764  7.254413E+002  HOCH2CO2H+OH=HCHO+HO2
  3.240000E+004            76                                                HCHO            766  5.738983E+001  HOCH2CO3H=HCHO+HO2+OH
  3.240000E+004            76                                                HCHO            767 -3.669636E-014  PHAN+OH=HCHO+CO+NO2
  3.240000E+004            76                                                HCHO            787  4.319976E+003  HMVKAO=MGLYOX+HCHO+HO2
  3.240000E+004            76                                                HCHO            806 -6.574979E-012  CHOCOCH2O=HCHO+HCOCO
  3.240000E+004            76                                                HCHO            832  1.889817E+004  HCOCH2OOH=HO2+CO+HCHO+OH
  3.240000E+004            76                                                HCHO            833  9.675773E+005  HCOCH2O=HCHO+CO+HO2
  3.240000E+004            76                                                HCHO            836  2.415047E+004  GLYOX=HCHO+CO
  3.240000E+004            76                                                HCHO            842  6.030331E+004  HOCH2CHO=HO2+HCHO+HO2+CO
  3.240000E+004            76                                                HCHO            846  8.559414E+003  C621O=HCHO+H1C23C4CHO+HO2
  3.240000E+004            76                                                HCHO            868 -5.845297E-013  C813NO3+OH=CH3COCH3+CO13C3CO2H+HCHO+NO2
  3.240000E+004            76                                                HCHO            927  1.395815E+005  C516O=CO13C3CO2H+HCHO+HO2
  3.240000E+004            76                                                HCHO            939  2.042574E+003  H1C23C4O=HCHO+CO+HOCH2CO3
  3.600000E+004            76                                                HCHO            165  4.790932E+003  C109OOH=C89CO3+HCHO+OH
  3.600000E+004            76                                                HCHO            166  2.794807E+005  C109O=C89CO3+HCHO
  3.600000E+004            76                                                HCHO            172  5.515990E+003  C109OH=C89CO3+HCHO+HO2
  3.600000E+004            76                                                HCHO            274  3.139755E+004  CH3O2+HO2=HCHO
  3.600000E+004            76                                                HCHO            281  3.902211E+005  CH3O2=HCHO
  3.600000E+004            76                                                HCHO            351  3.491485E+003  CH3COCH2O=CH3CO3+HCHO
  3.600000E+004            76                                                HCHO            354  9.555655E+000  HYPERACET=CH3CO3+HCHO+OH
  3.600000E+004            76                                                HCHO            357  4.265167E+001  ACETOL=CH3CO3+HCHO+HO2
  3.600000E+004            76                                                HCHO            364 -2.157559E-014  PAN+OH=HCHO+CO+NO2
  3.600000E+004            76                                                HCHO            368  6.488682E+003  OH+CH3OOH=HCHO+OH
  3.600000E+004            76                                                HCHO            370 -1.129756E-016  OH+CH3NO3=HCHO+NO2
  3.600000E+004            76                                                HCHO            371  4.723187E+005  CH3O=HCHO+HO2
  3.600000E+004            76                                                HCHO            373  3.999157E+003  CH3OH+OH=HO2+HCHO
  3.600000E+004            76                                                HCHO            567  1.460300E+006  CHOC3COO=HCOCH2CO3+HCHO
  3.600000E+004            76                                                HCHO            595  9.501547E+003  H3C25C6O=H3C2C4CO3+HCHO
  3.600000E+004            76                                                HCHO            604  2.099468E+005  CO235C6O=CO23C4CO3+HCHO
  3.600000E+004            76                                                HCHO            662  2.125964E+003  HOCH2CO3+HO2=HO2+HCHO+OH
  3.600000E+004            76                                                HCHO            665 -1.019343E-011  HOCH2CO3+NO=NO2+HO2+HCHO
  3.600000E+004            76                                                HCHO            667 -2.817657E-015  HOCH2CO3+NO3=NO2+HO2+HCHO
  3.600000E+004            76                                                HCHO            668  6.357279E+004  HOCH2CO3=HCHO+HO2
  3.600000E+004            76                                                HCHO            675  2.436792E+005  C614O=CO23C4CHO+HCHO+HO2
  3.600000E+004            76                                                HCHO            757  1.760090E+005  BIACETO=CH3CO3+HCHO+CO
  3.600000E+004            76                                                HCHO            764  8.987357E+002  HOCH2CO2H+OH=HCHO+HO2
  3.600000E+004            76                                                HCHO            766  9.625847E+001  HOCH2CO3H=HCHO+HO2+OH
  3.600000E+004            76                                                HCHO            767 -3.339741E-014  PHAN+OH=HCHO+CO+NO2
  3.600000E+004            76                                                HCHO            787  4.621766E+003  HMVKAO=MGLYOX+HCHO+HO2
  3.600000E+004            76                                                HCHO            806 -7.571874E-012  CHOCOCH2O=HCHO+HCOCO
  3.600000E+004            76                                                HCHO            832  3.172400E+004  HCOCH2OOH=HO2+CO+HCHO+OH
  3.600000E+004            76                                                HCHO            833  8.392075E+005  HCOCH2O=HCHO+CO+HO2
  3.600000E+004            76                                                HCHO            836  2.653401E+004  GLYOX=HCHO+CO
  3.600000E+004            76                                                HCHO            842  8.113562E+004  HOCH2CHO=HO2+HCHO+HO2+CO
  3.600000E+004            76                                                HCHO            846  1.019130E+004  C621O=HCHO+H1C23C4CHO+HO2
  3.600000E+004            76                                                HCHO            868 -4.365033E-013  C813NO3+OH=CH3COCH3+CO13C3CO2H+HCHO+NO2
  3.600000E+004            76                                                HCHO            927  1.071632E+005  C516O=CO13C3CO2H+HCHO+HO2
  3.600000E+004            76                                                HCHO            939  1.512014E+003  H1C23C4O=HCHO+CO+HOCH2CO3
  3.960000E+004            76                                                HCHO            165  5.763780E+003  C109OOH=C89CO3+HCHO+OH
  3.960000E+004            76                                                HCHO            166  2.362341E+005  C109O=C89CO3+HCHO
  3.960000E+004            76                                                HCHO            172  5.438142E+003  C109OH=C89CO3+HCHO+HO2
  3.960000E+004            76                                                HCHO            274  2.630019E+004  CH3O2+HO2=HCHO
  3.960000E+004            76                                                HCHO            281  3.213405E+005  CH3O2=HCHO
  3.960000E+004            76                                                HCHO            351  3.949487E+003  CH3COCH2O=CH3CO3+HCHO
  3.960000E+004            76                                                HCHO            354  1.609669E+001  HYPERACET=CH3CO3+HCHO+OH
  3.960000E+004            76                                                HCHO            357  6.006829E+001  ACETOL=CH3CO3+HCHO+HO2
  3.960000E+004            76                                                HCHO            364 -1.797003E-014  PAN+OH=HCHO+CO+NO2
  3.960000E+004            76                                                HCHO            368  8.638946E+003  OH+CH3OOH=HCHO+OH
  3.960000E+004            76                                                HCHO            370 -1.475656E-016  OH+CH3NO3=HCHO+NO2
  3.960000E+004            76                                                HCHO            371  3.977416E+005  CH3O=HCHO+HO2
  3.960000E+004            76                                                HCHO            373  4.755051E+003  CH3OH+OH=HO2+HCHO
  3.960000E+004            76                                                HCHO            567  1.220626E+006  CHOC3COO=HCOCH2CO3+HCHO
  3.960000E+004            76                                                HCHO            595  1.011402E+004  H3C25C6O=H3C2C4CO3+HCHO
  3.960000E+004            76                                                HCHO            604  1.736399E+005  CO235C6O=CO23C4CO3+HCHO
  3.960000E+004            76                                                HCHO            662  1.986289E+003  HOCH2CO3+HO2=HO2+HCHO+OH
  3.960000E+004            76                                                HCHO            665 -9.222865E-012  HOCH2CO3+NO=NO2+HO2+HCHO
  3.960000E+004            76                                                HCHO            667 -2.755509E-013  HOCH2CO3+NO3=NO2+HO2+HCHO
  3.960000E+004            76                                                HCHO            668  5.839144E+004  HOCH2CO3=HCHO+HO2
  3.960000E+004            76                                                HCHO            675  2.511753E+005  C614O=CO23C4CHO+HCHO+HO2
  3.960000E+004            76                                                HCHO            757  1.578401E+005  BIACETO=CH3CO3+HCHO+CO
  3.960000E+004            76                                                HCHO            764  1.068632E+003  HOCH2CO2H+OH=HCHO+HO2
  3.960000E+004            76                                                HCHO            766  1.343191E+002  HOCH2CO3H=HCHO+HO2+OH
  3.960000E+004            76                                                HCHO            767 -3.023894E-014  PHAN+OH=HCHO+CO+NO2
  3.960000E+004            76                                                HCHO            787  5.098918E+003  HMVKAO=MGLYOX+HCHO+HO2
  3.960000E+004            76                                                HCHO            806 -7.814659E-012  CHOCOCH2O=HCHO+HCOCO
  3.960000E+004            76                                                HCHO            832  4.275372E+004  HCOCH2OOH=HO2+CO+HCHO+OH
  3.960000E+004            76                                                HCHO            833  7.574211E+005  HCOCH2O=HCHO+CO+HO2
  3.960000E+004            76                                                HCHO            836  2.712242E+004  GLYOX=HCHO+CO
  3.960000E+004            76                                                HCHO            842  9.662322E+004  HOCH2CHO=HO2+HCHO+HO2+CO
  3.960000E+004            76                                                HCHO            846  1.215066E+004  C621O=HCHO+H1C23C4CHO+HO2
  3.960000E+004            76                                                HCHO            868 -3.291899E-013  C813NO3+OH=CH3COCH3+CO13C3CO2H+HCHO+NO2
  3.960000E+004            76                                                HCHO            927  8.789145E+004  C516O=CO13C3CO2H+HCHO+HO2
  3.960000E+004            76                                                HCHO            939  1.343050E+003  H1C23C4O=HCHO+CO+HOCH2CO3
  4.320000E+004            76                                                HCHO            165  6.009818E+003  C109OOH=C89CO3+HCHO+OH
  4.320000E+004            76                                                HCHO            166  2.025624E+005  C109O=C89CO3+HCHO
  4.320000E+004            76                                                HCHO            172  4.947798E+003  C109OH=C89CO3+HCHO+HO2
  4.320000E+004            76                                                HCHO            274  2.149473E+004  CH3O2+HO2=HCHO
  4.320000E+004            76                                                HCHO            281  2.810059E+005  CH3O2=HCHO
  4.320000E+004            76                                                HCHO            351  4.342140E+003  CH3COCH2O=CH3CO3+HCHO
  4.320000E+004            76                                                HCHO            354  2.245942E+001  HYPERACET=CH3CO3+HCHO+OH
  4.320000E+004            76                                                HCHO            357  7.647302E+001  ACETOL=CH3CO3+HCHO+HO2
  4.320000E+004            76                                                HCHO            364 -1.378465E-014  PAN+OH=HCHO+CO+NO2
  4.320000E+004            76                                                HCHO            368  1.027118E+004  OH+CH3OOH=HCHO+OH
  4.320000E+004            76                                                HCHO            370 -1.744679E-016  OH+CH3NO3=HCHO+NO2
  4.320000E+004            76                                                HCHO            371  3.545855E+005  CH3O=HCHO+HO2
  4.320000E+004            76                                                HCHO            373  5.352616E+003  CH3OH+OH=HO2+HCHO
  4.320000E+004            76                                                HCHO            567  1.063287E+006  CHOC3COO=HCOCH2CO3+HCHO
  4.320000E+004            76                                                HCHO            595  1.071018E+004  H3C25C6O=H3C2C4CO3+HCHO
  4.320000E+004            76                                                HCHO            604  1.444472E+005  CO235C6O=CO23C4CO3+HCHO
  4.320000E+004            76                                                HCHO            662  1.775393E+003  HOCH2CO3+HO2=HO2+HCHO+OH
  4.320000E+004            76                                                HCHO            665 -7.746253E-012  HOCH2CO3+NO=NO2+HO2+HCHO
  4.320000E+004            76                                                HCHO            667 -4.781910E-013  HOCH2CO3+NO3=NO2+HO2+HCHO
  4.320000E+004            76                                                HCHO            668  5.584425E+004  HOCH2CO3=HCHO+HO2
  4.320000E+004            76                                                HCHO            675  2.688246E+005  C614O=CO23C4CHO+HCHO+HO2
  4.320000E+004            76                                                HCHO            757  1.408798E+005  BIACETO=CH3CO3+HCHO+CO
  4.320000E+004            76                                                HCHO            764  1.213947E+003  HOCH2CO2H+OH=HCHO+HO2
  4.320000E+004            76                                                HCHO            766  1.648661E+002  HOCH2CO3H=HCHO+HO2+OH
  4.320000E+004            76                                                HCHO            767 -2.597760E-014  PHAN+OH=HCHO+CO+NO2
  4.320000E+004            76                                                HCHO            787  5.644816E+003  HMVKAO=MGLYOX+HCHO+HO2
  4.320000E+004            76                                                HCHO            806 -7.231095E-012  CHOCOCH2O=HCHO+HCOCO
  4.320000E+004            76                                                HCHO            832  4.960692E+004  HCOCH2OOH=HO2+CO+HCHO+OH
  4.320000E+004            76                                                HCHO            833  7.103811E+005  HCOCH2O=HCHO+CO+HO2
  4.320000E+004            76                                                HCHO            836  2.675607E+004  GLYOX=HCHO+CO
  4.320000E+004            76                                                HCHO            842  1.055998E+005  HOCH2CHO=HO2+HCHO+HO2+CO
  4.320000E+004            76                                                HCHO            846  1.408702E+004  C621O=HCHO+H1C23C4CHO+HO2
  4.320000E+004            76                                                HCHO            868 -2.506616E-013  C813NO3+OH=CH3COCH3+CO13C3CO2H+HCHO+NO2
  4.320000E+004            76                                                HCHO            927  7.628424E+004  C516O=CO13C3CO2H+HCHO+HO2
  4.320000E+004            76                                                HCHO            939  1.370362E+003  H1C23C4O=HCHO+CO+HOCH2CO3
