           time speciesNumber speciesName reactionNumber           rate  reaction                                                                                                                                                                                                                                                                                                                                                                                                                                                                                                                                                                                                                                                                                                                                                                                                                                                                                                                                                        
  3.600000E+003            76                                                HCHO            227  0.000000E+000  HCHO=CO+HO2+HO2
  3.600000E+003            76                                                HCHO            228  0.000000E+000  HCHO=H2+CO
  3.600000E+003            76                                                HCHO            229  9.998522E+000  NO3+HCHO=HNO3+CO+HO2
  3.600000E+003            76                                                HCHO            230  5.687877E+004  OH+HCHO=HO2+CO
  7.200000E+003            76                                                HCHO            227  0.000000E+000  HCHO=CO+HO2+HO2
  7.200000E+003            76                                                HCHO            228  0.000000E+000  HCHO=H2+CO
  7.200000E+003            76                                                HCHO            229  1.669836E+001  NO3+HCHO=HNO3+CO+HO2
  7.200000E+003            76                                                HCHO            230  6.926106E+004  OH+HCHO=HO2+CO
  1.080000E+004            76                                                HCHO            227  0.000000E+000  HCHO=CO+HO2+HO2
  1.080000E+004            76                                                HCHO            228  0.000000E+000  HCHO=H2+CO
  1.080000E+004            76                                                HCHO            229  2.216036E+001  NO3+HCHO=HNO3+CO+HO2
  1.080000E+004            76                                                HCHO            230  6.802855E+004  OH+HCHO=HO2+CO
  1.440000E+004            76                                                HCHO            227  1.558109E+000  HCHO=CO+HO2+HO2
  1.440000E+004            76                                                HCHO            228  1.599223E+001  HCHO=H2+CO
  1.440000E+004            76                                                HCHO            229  2.710808E+001  NO3+HCHO=HNO3+CO+HO2
  1.440000E+004            76                                                HCHO            230  6.276965E+004  OH+HCHO=HO2+CO
  1.800000E+004            76                                                HCHO            227  7.389674E+004  HCHO=CO+HO2+HO2
  1.800000E+004            76                                                HCHO            228  2.155488E+005  HCHO=H2+CO
  1.800000E+004            76                                                HCHO            229  3.598585E+001  NO3+HCHO=HNO3+CO+HO2
  1.800000E+004            76                                                HCHO            230  4.731927E+005  OH+HCHO=HO2+CO
  2.160000E+004            76                                                HCHO            227  5.932475E+005  HCHO=CO+HO2+HO2
  2.160000E+004            76                                                HCHO            228  1.333921E+006  HCHO=H2+CO
  2.160000E+004            76                                                HCHO            229  1.007838E+002  NO3+HCHO=HNO3+CO+HO2
  2.160000E+004            76                                                HCHO            230  1.331513E+006  OH+HCHO=HO2+CO
  2.520000E+004            76                                                HCHO            227  1.798159E+006  HCHO=CO+HO2+HO2
  2.520000E+004            76                                                HCHO            228  3.520400E+006  HCHO=H2+CO
  2.520000E+004            76                                                HCHO            229  2.030989E+002  NO3+HCHO=HNO3+CO+HO2
  2.520000E+004            76                                                HCHO            230  1.904123E+006  OH+HCHO=HO2+CO
  2.880000E+004            76                                                HCHO            227  3.294589E+006  HCHO=CO+HO2+HO2
  2.880000E+004            76                                                HCHO            228  5.905687E+006  HCHO=H2+CO
  2.880000E+004            76                                                HCHO            229  3.092182E+002  NO3+HCHO=HNO3+CO+HO2
  2.880000E+004            76                                                HCHO            230  2.443538E+006  OH+HCHO=HO2+CO
  3.240000E+004            76                                                HCHO            227  4.673115E+006  HCHO=CO+HO2+HO2
  3.240000E+004            76                                                HCHO            228  7.898680E+006  HCHO=H2+CO
  3.240000E+004            76                                                HCHO            229  5.046428E+002  NO3+HCHO=HNO3+CO+HO2
  3.240000E+004            76                                                HCHO            230  3.802336E+006  OH+HCHO=HO2+CO
  3.600000E+004            76                                                HCHO            227  5.628240E+006  HCHO=CO+HO2+HO2
  3.600000E+004            76                                                HCHO            228  9.158549E+006  HCHO=H2+CO
  3.600000E+004            76                                                HCHO            229  7.193869E+002  NO3+HCHO=HNO3+CO+HO2
  3.600000E+004            76                                                HCHO            230  5.591683E+006  OH+HCHO=HO2+CO
  3.960000E+004            76                                                HCHO            227  5.989115E+006  HCHO=CO+HO2+HO2
  3.960000E+004            76                                                HCHO            228  9.540420E+006  HCHO=H2+CO
  3.960000E+004            76                                                HCHO            229  8.860801E+002  NO3+HCHO=HNO3+CO+HO2
  3.960000E+004            76                                                HCHO            230  7.452281E+006  OH+HCHO=HO2+CO
  4.320000E+004            76                                                HCHO            227  5.768608E+006  HCHO=CO+HO2+HO2
  4.320000E+004            76                                                HCHO            228  9.129362E+006  HCHO=H2+CO
  4.320000E+004            76                                                HCHO            229  1.000698E+003  NO3+HCHO=HNO3+CO+HO2
  4.320000E+004            76                                                HCHO            230  8.980075E+006  OH+HCHO=HO2+CO
