           time speciesNumber speciesName reactionNumber           rate  reaction                                                                                                                                                                                                                                                                                                                                                                                                                                                                                                                                                                                                                                                                                                                                                                                                                                                                                                                                                        
  3.600000E+003            76                                                HCHO            165  0.000000E+000  C109OOH=C89CO3+HCHO+OH
  3.600000E+003            76                                                HCHO            166  3.040760E+006  C109O=C89CO3+HCHO
  3.600000E+003            76                                                HCHO            172  0.000000E+000  C109OH=C89CO3+HCHO+HO2
  3.600000E+003            76                                                HCHO            274  7.334752E-002  CH3O2+HO2=HCHO
  3.600000E+003            76                                                HCHO            281  5.342971E+001  CH3O2=HCHO
  3.600000E+003            76                                                HCHO            351  1.013659E+002  CH3COCH2O=CH3CO3+HCHO
  3.600000E+003            76                                                HCHO            354  0.000000E+000  HYPERACET=CH3CO3+HCHO+OH
  3.600000E+003            76                                                HCHO            357  0.000000E+000  ACETOL=CH3CO3+HCHO+HO2
  3.600000E+003            76                                                HCHO            364  2.177586E-002  PAN+OH=HCHO+CO+NO2
  3.600000E+003            76                                                HCHO            368  1.322286E-003  OH+CH3OOH=HCHO+OH
  3.600000E+003            76                                                HCHO            370  7.244282E-013  OH+CH3NO3=HCHO+NO2
  3.600000E+003            76                                                HCHO            371  6.249895E+001  CH3O=HCHO+HO2
  3.600000E+003            76                                                HCHO            373  1.805381E-002  CH3OH+OH=HO2+HCHO
  3.600000E+003            76                                                HCHO            567  3.124298E+003  CHOC3COO=HCOCH2CO3+HCHO
  3.600000E+003            76                                                HCHO            595  1.744256E+001  H3C25C6O=H3C2C4CO3+HCHO
  3.600000E+003            76                                                HCHO            604  3.817802E+003  CO235C6O=CO23C4CO3+HCHO
  3.600000E+003            76                                                HCHO            662  3.550535E-004  HOCH2CO3+HO2=HO2+HCHO+OH
  3.600000E+003            76                                                HCHO            665  6.966224E-008  HOCH2CO3+NO=NO2+HO2+HCHO
  3.600000E+003            76                                                HCHO            667  2.117929E-005  HOCH2CO3+NO3=NO2+HO2+HCHO
  3.600000E+003            76                                                HCHO            668  6.222882E-001  HOCH2CO3=HCHO+HO2
  3.600000E+003            76                                                HCHO            675  3.171593E+004  C614O=CO23C4CHO+HCHO+HO2
  3.600000E+003            76                                                HCHO            757  4.320109E+002  BIACETO=CH3CO3+HCHO+CO
  3.600000E+003            76                                                HCHO            764  2.366696E-004  HOCH2CO2H+OH=HCHO+HO2
  3.600000E+003            76                                                HCHO            766  0.000000E+000  HOCH2CO3H=HCHO+HO2+OH
  3.600000E+003            76                                                HCHO            767  2.289843E-003  PHAN+OH=HCHO+CO+NO2
  3.600000E+003            76                                                HCHO            787  9.781430E-001  HMVKAO=MGLYOX+HCHO+HO2
  3.600000E+003            76                                                HCHO            806  2.161716E+000  CHOCOCH2O=HCHO+HCOCO
  3.600000E+003            76                                                HCHO            832  0.000000E+000  HCOCH2OOH=HO2+CO+HCHO+OH
  3.600000E+003            76                                                HCHO            833  2.033957E+002  HCOCH2O=HCHO+CO+HO2
  3.600000E+003            76                                                HCHO            836  0.000000E+000  GLYOX=HCHO+CO
  3.600000E+003            76                                                HCHO            842  0.000000E+000  HOCH2CHO=HO2+HCHO+HO2+CO
  3.600000E+003            76                                                HCHO            846  4.064435E+003  C621O=HCHO+H1C23C4CHO+HO2
  3.600000E+003            76                                                HCHO            868  7.269886E-005  C813NO3+OH=CH3COCH3+CO13C3CO2H+HCHO+NO2
  3.600000E+003            76                                                HCHO            927  2.081759E+003  C516O=CO13C3CO2H+HCHO+HO2
  3.600000E+003            76                                                HCHO            939  6.309901E+000  H1C23C4O=HCHO+CO+HOCH2CO3
  7.200000E+003            76                                                HCHO            165  0.000000E+000  C109OOH=C89CO3+HCHO+OH
  7.200000E+003            76                                                HCHO            166  2.070080E+006  C109O=C89CO3+HCHO
  7.200000E+003            76                                                HCHO            172  0.000000E+000  C109OH=C89CO3+HCHO+HO2
  7.200000E+003            76                                                HCHO            274  3.808505E-001  CH3O2+HO2=HCHO
  7.200000E+003            76                                                HCHO            281  4.710839E+002  CH3O2=HCHO
  7.200000E+003            76                                                HCHO            351  2.464386E+002  CH3COCH2O=CH3CO3+HCHO
  7.200000E+003            76                                                HCHO            354  0.000000E+000  HYPERACET=CH3CO3+HCHO+OH
  7.200000E+003            76                                                HCHO            357  0.000000E+000  ACETOL=CH3CO3+HCHO+HO2
  7.200000E+003            76                                                HCHO            364  1.923185E-001  PAN+OH=HCHO+CO+NO2
  7.200000E+003            76                                                HCHO            368  1.196510E-002  OH+CH3OOH=HCHO+OH
  7.200000E+003            76                                                HCHO            370  8.317119E-012  OH+CH3NO3=HCHO+NO2
  7.200000E+003            76                                                HCHO            371  5.517294E+002  CH3O=HCHO+HO2
  7.200000E+003            76                                                HCHO            373  2.687280E-001  CH3OH+OH=HO2+HCHO
  7.200000E+003            76                                                HCHO            567  9.609489E+003  CHOC3COO=HCOCH2CO3+HCHO
  7.200000E+003            76                                                HCHO            595  1.391628E+002  H3C25C6O=H3C2C4CO3+HCHO
  7.200000E+003            76                                                HCHO            604  1.737140E+004  CO235C6O=CO23C4CO3+HCHO
  7.200000E+003            76                                                HCHO            662  3.346523E-003  HOCH2CO3+HO2=HO2+HCHO+OH
  7.200000E+003            76                                                HCHO            665  8.943345E-007  HOCH2CO3+NO=NO2+HO2+HCHO
  7.200000E+003            76                                                HCHO            667  3.173582E-004  HOCH2CO3+NO3=NO2+HO2+HCHO
  7.200000E+003            76                                                HCHO            668  9.959508E+000  HOCH2CO3=HCHO+HO2
  7.200000E+003            76                                                HCHO            675  7.149351E+004  C614O=CO23C4CHO+HCHO+HO2
  7.200000E+003            76                                                HCHO            757  2.997106E+003  BIACETO=CH3CO3+HCHO+CO
  7.200000E+003            76                                                HCHO            764  6.126872E-003  HOCH2CO2H+OH=HCHO+HO2
  7.200000E+003            76                                                HCHO            766  0.000000E+000  HOCH2CO3H=HCHO+HO2+OH
  7.200000E+003            76                                                HCHO            767  3.977456E-002  PHAN+OH=HCHO+CO+NO2
  7.200000E+003            76                                                HCHO            787  1.197024E+001  HMVKAO=MGLYOX+HCHO+HO2
  7.200000E+003            76                                                HCHO            806  1.795000E+001  CHOCOCH2O=HCHO+HCOCO
  7.200000E+003            76                                                HCHO            832  0.000000E+000  HCOCH2OOH=HO2+CO+HCHO+OH
  7.200000E+003            76                                                HCHO            833  1.008775E+003  HCOCH2O=HCHO+CO+HO2
  7.200000E+003            76                                                HCHO            836  0.000000E+000  GLYOX=HCHO+CO
  7.200000E+003            76                                                HCHO            842  0.000000E+000  HOCH2CHO=HO2+HCHO+HO2+CO
  7.200000E+003            76                                                HCHO            846  1.815623E+004  C621O=HCHO+H1C23C4CHO+HO2
  7.200000E+003            76                                                HCHO            868  4.299722E-004  C813NO3+OH=CH3COCH3+CO13C3CO2H+HCHO+NO2
  7.200000E+003            76                                                HCHO            927  1.001643E+004  C516O=CO13C3CO2H+HCHO+HO2
  7.200000E+003            76                                                HCHO            939  7.089889E+001  H1C23C4O=HCHO+CO+HOCH2CO3
  1.080000E+004            76                                                HCHO            165  0.000000E+000  C109OOH=C89CO3+HCHO+OH
  1.080000E+004            76                                                HCHO            166  1.486535E+006  C109O=C89CO3+HCHO
  1.080000E+004            76                                                HCHO            172  0.000000E+000  C109OH=C89CO3+HCHO+HO2
  1.080000E+004            76                                                HCHO            274  8.024451E-001  CH3O2+HO2=HCHO
  1.080000E+004            76                                                HCHO            281  1.343106E+003  CH3O2=HCHO
  1.080000E+004            76                                                HCHO            351  3.333878E+002  CH3COCH2O=CH3CO3+HCHO
  1.080000E+004            76                                                HCHO            354  0.000000E+000  HYPERACET=CH3CO3+HCHO+OH
  1.080000E+004            76                                                HCHO            357  0.000000E+000  ACETOL=CH3CO3+HCHO+HO2
  1.080000E+004            76                                                HCHO            364  4.971407E-001  PAN+OH=HCHO+CO+NO2
  1.080000E+004            76                                                HCHO            368  3.227713E-002  OH+CH3OOH=HCHO+OH
  1.080000E+004            76                                                HCHO            370  2.810190E-011  OH+CH3NO3=HCHO+NO2
  1.080000E+004            76                                                HCHO            371  1.570367E+003  CH3O=HCHO+HO2
  1.080000E+004            76                                                HCHO            373  9.676159E-001  CH3OH+OH=HO2+HCHO
  1.080000E+004            76                                                HCHO            567  1.566045E+004  CHOC3COO=HCOCH2CO3+HCHO
  1.080000E+004            76                                                HCHO            595  3.454400E+002  H3C25C6O=H3C2C4CO3+HCHO
  1.080000E+004            76                                                HCHO            604  3.348370E+004  CO235C6O=CO23C4CO3+HCHO
  1.080000E+004            76                                                HCHO            662  1.022166E-002  HOCH2CO3+HO2=HO2+HCHO+OH
  1.080000E+004            76                                                HCHO            665  3.660707E-006  HOCH2CO3+NO=NO2+HO2+HCHO
  1.080000E+004            76                                                HCHO            667  1.361403E-003  HOCH2CO3+NO3=NO2+HO2+HCHO
  1.080000E+004            76                                                HCHO            668  4.116392E+001  HOCH2CO3=HCHO+HO2
  1.080000E+004            76                                                HCHO            675  9.194553E+004  C614O=CO23C4CHO+HCHO+HO2
  1.080000E+004            76                                                HCHO            757  7.532906E+003  BIACETO=CH3CO3+HCHO+CO
  1.080000E+004            76                                                HCHO            764  3.126551E-002  HOCH2CO2H+OH=HCHO+HO2
  1.080000E+004            76                                                HCHO            766  0.000000E+000  HOCH2CO3H=HCHO+HO2+OH
  1.080000E+004            76                                                HCHO            767  1.545591E-001  PHAN+OH=HCHO+CO+NO2
  1.080000E+004            76                                                HCHO            787  3.925189E+001  HMVKAO=MGLYOX+HCHO+HO2
  1.080000E+004            76                                                HCHO            806  4.722597E+001  CHOCOCH2O=HCHO+HCOCO
  1.080000E+004            76                                                HCHO            832  0.000000E+000  HCOCH2OOH=HO2+CO+HCHO+OH
  1.080000E+004            76                                                HCHO            833  2.252887E+003  HCOCH2O=HCHO+CO+HO2
  1.080000E+004            76                                                HCHO            836  0.000000E+000  GLYOX=HCHO+CO
  1.080000E+004            76                                                HCHO            842  0.000000E+000  HOCH2CHO=HO2+HCHO+HO2+CO
  1.080000E+004            76                                                HCHO            846  3.558920E+004  C621O=HCHO+H1C23C4CHO+HO2
  1.080000E+004            76                                                HCHO            868  1.044201E-003  C813NO3+OH=CH3COCH3+CO13C3CO2H+HCHO+NO2
  1.080000E+004            76                                                HCHO            927  2.110107E+004  C516O=CO13C3CO2H+HCHO+HO2
  1.080000E+004            76                                                HCHO            939  2.320174E+002  H1C23C4O=HCHO+CO+HOCH2CO3
  1.440000E+004            76                                                HCHO            165  2.713274E-004  C109OOH=C89CO3+HCHO+OH
  1.440000E+004            76                                                HCHO            166  1.129512E+006  C109O=C89CO3+HCHO
  1.440000E+004            76                                                HCHO            172  1.797654E-003  C109OH=C89CO3+HCHO+HO2
  1.440000E+004            76                                                HCHO            274  1.250999E+000  CH3O2+HO2=HCHO
  1.440000E+004            76                                                HCHO            281  2.540964E+003  CH3O2=HCHO
  1.440000E+004            76                                                HCHO            351  3.713650E+002  CH3COCH2O=CH3CO3+HCHO
  1.440000E+004            76                                                HCHO            354  3.361799E-009  HYPERACET=CH3CO3+HCHO+OH
  1.440000E+004            76                                                HCHO            357  8.559119E-007  ACETOL=CH3CO3+HCHO+HO2
  1.440000E+004            76                                                HCHO            364  8.224209E-001  PAN+OH=HCHO+CO+NO2
  1.440000E+004            76                                                HCHO            368  5.640012E-002  OH+CH3OOH=HCHO+OH
  1.440000E+004            76                                                HCHO            370  1.340361E-009  OH+CH3NO3=HCHO+NO2
  1.440000E+004            76                                                HCHO            371  2.975659E+003  CH3O=HCHO+HO2
  1.440000E+004            76                                                HCHO            373  2.055548E+000  CH3OH+OH=HO2+HCHO
  1.440000E+004            76                                                HCHO            567  2.022180E+004  CHOC3COO=HCOCH2CO3+HCHO
  1.440000E+004            76                                                HCHO            595  5.684152E+002  H3C25C6O=H3C2C4CO3+HCHO
  1.440000E+004            76                                                HCHO            604  4.738970E+004  CO235C6O=CO23C4CO3+HCHO
  1.440000E+004            76                                                HCHO            662  2.157176E-002  HOCH2CO3+HO2=HO2+HCHO+OH
  1.440000E+004            76                                                HCHO            665  1.072195E-002  HOCH2CO3+NO=NO2+HO2+HCHO
  1.440000E+004            76                                                HCHO            667  3.749538E-003  HOCH2CO3+NO3=NO2+HO2+HCHO
  1.440000E+004            76                                                HCHO            668  1.054211E+002  HOCH2CO3=HCHO+HO2
  1.440000E+004            76                                                HCHO            675  1.026357E+005  C614O=CO23C4CHO+HCHO+HO2
  1.440000E+004            76                                                HCHO            757  1.290566E+004  BIACETO=CH3CO3+HCHO+CO
  1.440000E+004            76                                                HCHO            764  8.497010E-002  HOCH2CO2H+OH=HCHO+HO2
  1.440000E+004            76                                                HCHO            766  7.843762E-009  HOCH2CO3H=HCHO+HO2+OH
  1.440000E+004            76                                                HCHO            767  3.405488E-001  PHAN+OH=HCHO+CO+NO2
  1.440000E+004            76                                                HCHO            787  7.933236E+001  HMVKAO=MGLYOX+HCHO+HO2
  1.440000E+004            76                                                HCHO            806  8.074951E+001  CHOCOCH2O=HCHO+HCOCO
  1.440000E+004            76                                                HCHO            832  1.484201E-006  HCOCH2OOH=HO2+CO+HCHO+OH
  1.440000E+004            76                                                HCHO            833  3.657264E+003  HCOCH2O=HCHO+CO+HO2
  1.440000E+004            76                                                HCHO            836  9.688536E-002  GLYOX=HCHO+CO
  1.440000E+004            76                                                HCHO            842  2.284660E-004  HOCH2CHO=HO2+HCHO+HO2+CO
  1.440000E+004            76                                                HCHO            846  5.216857E+004  C621O=HCHO+H1C23C4CHO+HO2
  1.440000E+004            76                                                HCHO            868  3.215182E-002  C813NO3+OH=CH3COCH3+CO13C3CO2H+HCHO+NO2
  1.440000E+004            76                                                HCHO            927  3.333558E+004  C516O=CO13C3CO2H+HCHO+HO2
  1.440000E+004            76                                                HCHO            939  4.698786E+002  H1C23C4O=HCHO+CO+HOCH2CO3
  1.800000E+004            76                                                HCHO            165  4.229795E+001  C109OOH=C89CO3+HCHO+OH
  1.800000E+004            76                                                HCHO            166  1.359536E+006  C109O=C89CO3+HCHO
  1.800000E+004            76                                                HCHO            172  1.950712E+002  C109OH=C89CO3+HCHO+HO2
  1.800000E+004            76                                                HCHO            274  4.421434E+002  CH3O2+HO2=HCHO
  1.800000E+004            76                                                HCHO            281  5.767912E+002  CH3O2=HCHO
  1.800000E+004            76                                                HCHO            351  9.506665E+003  CH3COCH2O=CH3CO3+HCHO
  1.800000E+004            76                                                HCHO            354  1.274106E-002  HYPERACET=CH3CO3+HCHO+OH
  1.800000E+004            76                                                HCHO            357  1.181630E-001  ACETOL=CH3CO3+HCHO+HO2
  1.800000E+004            76                                                HCHO            364  1.126936E+002  PAN+OH=HCHO+CO+NO2
  1.800000E+004            76                                                HCHO            368  2.856289E+001  OH+CH3OOH=HCHO+OH
  1.800000E+004            76                                                HCHO            370  2.184872E-002  OH+CH3NO3=HCHO+NO2
  1.800000E+004            76                                                HCHO            371  9.660934E+005  CH3O=HCHO+HO2
  1.800000E+004            76                                                HCHO            373  2.100391E+001  CH3OH+OH=HO2+HCHO
  1.800000E+004            76                                                HCHO            567  5.845853E+005  CHOC3COO=HCOCH2CO3+HCHO
  1.800000E+004            76                                                HCHO            595  2.037394E+004  H3C25C6O=H3C2C4CO3+HCHO
  1.800000E+004            76                                                HCHO            604  4.520180E+005  CO235C6O=CO23C4CO3+HCHO
  1.800000E+004            76                                                HCHO            662  9.355064E+001  HOCH2CO3+HO2=HO2+HCHO+OH
  1.800000E+004            76                                                HCHO            665  4.006477E+004  HOCH2CO3+NO=NO2+HO2+HCHO
  1.800000E+004            76                                                HCHO            667  6.388654E-001  HOCH2CO3+NO3=NO2+HO2+HCHO
  1.800000E+004            76                                                HCHO            668  2.936315E+002  HOCH2CO3=HCHO+HO2
  1.800000E+004            76                                                HCHO            675  2.574590E+006  C614O=CO23C4CHO+HCHO+HO2
  1.800000E+004            76                                                HCHO            757  2.919224E+005  BIACETO=CH3CO3+HCHO+CO
  1.800000E+004            76                                                HCHO            764  1.817059E+000  HOCH2CO2H+OH=HCHO+HO2
  1.800000E+004            76                                                HCHO            766  4.075534E-002  HOCH2CO3H=HCHO+HO2+OH
  1.800000E+004            76                                                HCHO            767  1.473975E+002  PHAN+OH=HCHO+CO+NO2
  1.800000E+004            76                                                HCHO            787  5.867984E+003  HMVKAO=MGLYOX+HCHO+HO2
  1.800000E+004            76                                                HCHO            806  2.000412E+003  CHOCOCH2O=HCHO+HCOCO
  1.800000E+004            76                                                HCHO            832  2.436770E+000  HCOCH2OOH=HO2+CO+HCHO+OH
  1.800000E+004            76                                                HCHO            833  3.748425E+005  HCOCH2O=HCHO+CO+HO2
  1.800000E+004            76                                                HCHO            836  7.436148E+001  GLYOX=HCHO+CO
  1.800000E+004            76                                                HCHO            842  7.740938E+000  HOCH2CHO=HO2+HCHO+HO2+CO
  1.800000E+004            76                                                HCHO            846  5.426518E+005  C621O=HCHO+H1C23C4CHO+HO2
  1.800000E+004            76                                                HCHO            868  1.135465E+003  C813NO3+OH=CH3COCH3+CO13C3CO2H+HCHO+NO2
  1.800000E+004            76                                                HCHO            927  7.951711E+005  C516O=CO13C3CO2H+HCHO+HO2
  1.800000E+004            76                                                HCHO            939  1.526674E+004  H1C23C4O=HCHO+CO+HOCH2CO3
  2.160000E+004            76                                                HCHO            165  2.393268E+002  C109OOH=C89CO3+HCHO+OH
  2.160000E+004            76                                                HCHO            166  1.408736E+006  C109O=C89CO3+HCHO
  2.160000E+004            76                                                HCHO            172  9.007984E+002  C109OH=C89CO3+HCHO+HO2
  2.160000E+004            76                                                HCHO            274  3.868732E+003  CH3O2+HO2=HCHO
  2.160000E+004            76                                                HCHO            281  5.185559E+003  CH3O2=HCHO
  2.160000E+004            76                                                HCHO            351  2.921360E+004  CH3COCH2O=CH3CO3+HCHO
  2.160000E+004            76                                                HCHO            354  3.813755E-001  HYPERACET=CH3CO3+HCHO+OH
  2.160000E+004            76                                                HCHO            357  7.174614E-001  ACETOL=CH3CO3+HCHO+HO2
  2.160000E+004            76                                                HCHO            364  6.983995E+002  PAN+OH=HCHO+CO+NO2
  2.160000E+004            76                                                HCHO            368  4.331463E+002  OH+CH3OOH=HCHO+OH
  2.160000E+004            76                                                HCHO            370  3.792204E-001  OH+CH3NO3=HCHO+NO2
  2.160000E+004            76                                                HCHO            371  3.818547E+006  CH3O=HCHO+HO2
  2.160000E+004            76                                                HCHO            373  4.260808E+001  CH3OH+OH=HO2+HCHO
  2.160000E+004            76                                                HCHO            567  2.207833E+006  CHOC3COO=HCOCH2CO3+HCHO
  2.160000E+004            76                                                HCHO            595  1.252655E+005  H3C25C6O=H3C2C4CO3+HCHO
  2.160000E+004            76                                                HCHO            604  1.272781E+006  CO235C6O=CO23C4CO3+HCHO
  2.160000E+004            76                                                HCHO            662  1.060191E+003  HOCH2CO3+HO2=HO2+HCHO+OH
  2.160000E+004            76                                                HCHO            665  2.048384E+005  HOCH2CO3+NO=NO2+HO2+HCHO
  2.160000E+004            76                                                HCHO            667  6.011987E+000  HOCH2CO3+NO3=NO2+HO2+HCHO
  2.160000E+004            76                                                HCHO            668  3.419098E+003  HOCH2CO3=HCHO+HO2
  2.160000E+004            76                                                HCHO            675  4.384514E+006  C614O=CO23C4CHO+HCHO+HO2
  2.160000E+004            76                                                HCHO            757  1.335612E+006  BIACETO=CH3CO3+HCHO+CO
  2.160000E+004            76                                                HCHO            764  1.450174E+001  HOCH2CO2H+OH=HCHO+HO2
  2.160000E+004            76                                                HCHO            766  2.157346E+000  HOCH2CO3H=HCHO+HO2+OH
  2.160000E+004            76                                                HCHO            767  1.313907E+003  PHAN+OH=HCHO+CO+NO2
  2.160000E+004            76                                                HCHO            787  5.376085E+004  HMVKAO=MGLYOX+HCHO+HO2
  2.160000E+004            76                                                HCHO            806  4.167536E+004  CHOCOCH2O=HCHO+HCOCO
  2.160000E+004            76                                                HCHO            832  1.937113E+002  HCOCH2OOH=HO2+CO+HCHO+OH
  2.160000E+004            76                                                HCHO            833  2.310708E+006  HCOCH2O=HCHO+CO+HO2
  2.160000E+004            76                                                HCHO            836  2.056545E+003  GLYOX=HCHO+CO
  2.160000E+004            76                                                HCHO            842  5.474399E+001  HOCH2CHO=HO2+HCHO+HO2+CO
  2.160000E+004            76                                                HCHO            846  5.521329E+005  C621O=HCHO+H1C23C4CHO+HO2
  2.160000E+004            76                                                HCHO            868  6.545131E+003  C813NO3+OH=CH3COCH3+CO13C3CO2H+HCHO+NO2
  2.160000E+004            76                                                HCHO            927  1.137652E+006  C516O=CO13C3CO2H+HCHO+HO2
  2.160000E+004            76                                                HCHO            939  6.224097E+004  H1C23C4O=HCHO+CO+HOCH2CO3
  2.520000E+004            76                                                HCHO            165  7.918270E+002  C109OOH=C89CO3+HCHO+OH
  2.520000E+004            76                                                HCHO            166  9.367468E+005  C109O=C89CO3+HCHO
  2.520000E+004            76                                                HCHO            172  1.603942E+003  C109OH=C89CO3+HCHO+HO2
  2.520000E+004            76                                                HCHO            274  2.130128E+004  CH3O2+HO2=HCHO
  2.520000E+004            76                                                HCHO            281  3.243346E+004  CH3O2=HCHO
  2.520000E+004            76                                                HCHO            351  3.632551E+004  CH3COCH2O=CH3CO3+HCHO
  2.520000E+004            76                                                HCHO            354  5.009283E+000  HYPERACET=CH3CO3+HCHO+OH
  2.520000E+004            76                                                HCHO            357  2.677897E+000  ACETOL=CH3CO3+HCHO+HO2
  2.520000E+004            76                                                HCHO            364  1.200649E+003  PAN+OH=HCHO+CO+NO2
  2.520000E+004            76                                                HCHO            368  2.712135E+003  OH+CH3OOH=HCHO+OH
  2.520000E+004            76                                                HCHO            370  9.305536E-001  OH+CH3NO3=HCHO+NO2
  2.520000E+004            76                                                HCHO            371  5.130938E+006  CH3O=HCHO+HO2
  2.520000E+004            76                                                HCHO            373  1.137694E+002  CH3OH+OH=HO2+HCHO
  2.520000E+004            76                                                HCHO            567  2.669914E+006  CHOC3COO=HCOCH2CO3+HCHO
  2.520000E+004            76                                                HCHO            595  1.895354E+005  H3C25C6O=H3C2C4CO3+HCHO
  2.520000E+004            76                                                HCHO            604  1.312207E+006  CO235C6O=CO23C4CO3+HCHO
  2.520000E+004            76                                                HCHO            662  5.893801E+003  HOCH2CO3+HO2=HO2+HCHO+OH
  2.520000E+004            76                                                HCHO            665  2.764129E+005  HOCH2CO3+NO=NO2+HO2+HCHO
  2.520000E+004            76                                                HCHO            667  2.467901E+001  HOCH2CO3+NO3=NO2+HO2+HCHO
  2.520000E+004            76                                                HCHO            668  2.159153E+004  HOCH2CO3=HCHO+HO2
  2.520000E+004            76                                                HCHO            675  3.543464E+006  C614O=CO23C4CHO+HCHO+HO2
  2.520000E+004            76                                                HCHO            757  1.730115E+006  BIACETO=CH3CO3+HCHO+CO
  2.520000E+004            76                                                HCHO            764  9.416860E+001  HOCH2CO2H+OH=HCHO+HO2
  2.520000E+004            76                                                HCHO            766  2.837555E+001  HOCH2CO3H=HCHO+HO2+OH
  2.520000E+004            76                                                HCHO            767  2.460470E+003  PHAN+OH=HCHO+CO+NO2
  2.520000E+004            76                                                HCHO            787  9.392464E+004  HMVKAO=MGLYOX+HCHO+HO2
  2.520000E+004            76                                                HCHO            806  1.250474E+005  CHOCOCH2O=HCHO+HCOCO
  2.520000E+004            76                                                HCHO            832  3.058663E+003  HCOCH2OOH=HO2+CO+HCHO+OH
  2.520000E+004            76                                                HCHO            833  3.500617E+006  HCOCH2O=HCHO+CO+HO2
  2.520000E+004            76                                                HCHO            836  1.050960E+004  GLYOX=HCHO+CO
  2.520000E+004            76                                                HCHO            842  4.948014E+002  HOCH2CHO=HO2+HCHO+HO2+CO
  2.520000E+004            76                                                HCHO            846  2.934092E+005  C621O=HCHO+H1C23C4CHO+HO2
  2.520000E+004            76                                                HCHO            868  8.017611E+003  C813NO3+OH=CH3COCH3+CO13C3CO2H+HCHO+NO2
  2.520000E+004            76                                                HCHO            927  7.297343E+005  C516O=CO13C3CO2H+HCHO+HO2
  2.520000E+004            76                                                HCHO            939  7.208208E+004  H1C23C4O=HCHO+CO+HOCH2CO3
  2.880000E+004            76                                                HCHO            165  1.966397E+003  C109OOH=C89CO3+HCHO+OH
  2.880000E+004            76                                                HCHO            166  4.870561E+005  C109O=C89CO3+HCHO
  2.880000E+004            76                                                HCHO            172  2.076295E+003  C109OH=C89CO3+HCHO+HO2
  2.880000E+004            76                                                HCHO            274  4.814690E+004  CH3O2+HO2=HCHO
  2.880000E+004            76                                                HCHO            281  7.874682E+004  CH3O2=HCHO
  2.880000E+004            76                                                HCHO            351  4.132565E+004  CH3COCH2O=CH3CO3+HCHO
  2.880000E+004            76                                                HCHO            354  2.734485E+001  HYPERACET=CH3CO3+HCHO+OH
  2.880000E+004            76                                                HCHO            357  1.026878E+001  ACETOL=CH3CO3+HCHO+HO2
  2.880000E+004            76                                                HCHO            364  1.540177E+003  PAN+OH=HCHO+CO+NO2
  2.880000E+004            76                                                HCHO            368  1.039534E+004  OH+CH3OOH=HCHO+OH
  2.880000E+004            76                                                HCHO            370  1.624690E+000  OH+CH3NO3=HCHO+NO2
  2.880000E+004            76                                                HCHO            371  5.506642E+006  CH3O=HCHO+HO2
  2.880000E+004            76                                                HCHO            373  4.017180E+002  CH3OH+OH=HO2+HCHO
  2.880000E+004            76                                                HCHO            567  2.650753E+006  CHOC3COO=HCOCH2CO3+HCHO
  2.880000E+004            76                                                HCHO            595  2.124245E+005  H3C25C6O=H3C2C4CO3+HCHO
  2.880000E+004            76                                                HCHO            604  1.268898E+006  CO235C6O=CO23C4CO3+HCHO
  2.880000E+004            76                                                HCHO            662  1.202968E+004  HOCH2CO3+HO2=HO2+HCHO+OH
  2.880000E+004            76                                                HCHO            665  2.650254E+005  HOCH2CO3+NO=NO2+HO2+HCHO
  2.880000E+004            76                                                HCHO            667  4.842192E+001  HOCH2CO3+NO3=NO2+HO2+HCHO
  2.880000E+004            76                                                HCHO            668  4.733900E+004  HOCH2CO3=HCHO+HO2
  2.880000E+004            76                                                HCHO            675  2.719403E+006  C614O=CO23C4CHO+HCHO+HO2
  2.880000E+004            76                                                HCHO            757  1.890836E+006  BIACETO=CH3CO3+HCHO+CO
  2.880000E+004            76                                                HCHO            764  3.770442E+002  HOCH2CO2H+OH=HCHO+HO2
  2.880000E+004            76                                                HCHO            766  1.419864E+002  HOCH2CO3H=HCHO+HO2+OH
  2.880000E+004            76                                                HCHO            767  3.111702E+003  PHAN+OH=HCHO+CO+NO2
  2.880000E+004            76                                                HCHO            787  1.185760E+005  HMVKAO=MGLYOX+HCHO+HO2
  2.880000E+004            76                                                HCHO            806  2.223022E+005  CHOCOCH2O=HCHO+HCOCO
  2.880000E+004            76                                                HCHO            832  1.707150E+004  HCOCH2OOH=HO2+CO+HCHO+OH
  2.880000E+004            76                                                HCHO            833  3.928990E+006  HCOCH2O=HCHO+CO+HO2
  2.880000E+004            76                                                HCHO            836  2.468227E+004  GLYOX=HCHO+CO
  2.880000E+004            76                                                HCHO            842  2.880245E+003  HOCH2CHO=HO2+HCHO+HO2+CO
  2.880000E+004            76                                                HCHO            846  1.628087E+005  C621O=HCHO+H1C23C4CHO+HO2
  2.880000E+004            76                                                HCHO            868  7.660061E+003  C813NO3+OH=CH3COCH3+CO13C3CO2H+HCHO+NO2
  2.880000E+004            76                                                HCHO            927  4.774142E+005  C516O=CO13C3CO2H+HCHO+HO2
  2.880000E+004            76                                                HCHO            939  6.658123E+004  H1C23C4O=HCHO+CO+HOCH2CO3
  3.240000E+004            76                                                HCHO            165  2.683893E+003  C109OOH=C89CO3+HCHO+OH
  3.240000E+004            76                                                HCHO            166  2.301944E+005  C109O=C89CO3+HCHO
  3.240000E+004            76                                                HCHO            172  2.129185E+003  C109OH=C89CO3+HCHO+HO2
  3.240000E+004            76                                                HCHO            274  5.646013E+004  CH3O2+HO2=HCHO
  3.240000E+004            76                                                HCHO            281  7.750995E+004  CH3O2=HCHO
  3.240000E+004            76                                                HCHO            351  6.500789E+004  CH3COCH2O=CH3CO3+HCHO
  3.240000E+004            76                                                HCHO            354  8.429619E+001  HYPERACET=CH3CO3+HCHO+OH
  3.240000E+004            76                                                HCHO            357  2.778427E+001  ACETOL=CH3CO3+HCHO+HO2
  3.240000E+004            76                                                HCHO            364  2.266918E+003  PAN+OH=HCHO+CO+NO2
  3.240000E+004            76                                                HCHO            368  2.930637E+004  OH+CH3OOH=HCHO+OH
  3.240000E+004            76                                                HCHO            370  3.231401E+000  OH+CH3NO3=HCHO+NO2
  3.240000E+004            76                                                HCHO            371  5.727690E+006  CH3O=HCHO+HO2
  3.240000E+004            76                                                HCHO            373  1.102403E+003  CH3OH+OH=HO2+HCHO
  3.240000E+004            76                                                HCHO            567  2.525405E+006  CHOC3COO=HCOCH2CO3+HCHO
  3.240000E+004            76                                                HCHO            595  2.607471E+005  H3C25C6O=H3C2C4CO3+HCHO
  3.240000E+004            76                                                HCHO            604  1.288366E+006  CO235C6O=CO23C4CO3+HCHO
  3.240000E+004            76                                                HCHO            662  1.278241E+004  HOCH2CO3+HO2=HO2+HCHO+OH
  3.240000E+004            76                                                HCHO            665  2.496025E+005  HOCH2CO3+NO=NO2+HO2+HCHO
  3.240000E+004            76                                                HCHO            667  6.516940E+001  HOCH2CO3+NO3=NO2+HO2+HCHO
  3.240000E+004            76                                                HCHO            668  4.222101E+004  HOCH2CO3=HCHO+HO2
  3.240000E+004            76                                                HCHO            675  2.753440E+006  C614O=CO23C4CHO+HCHO+HO2
  3.240000E+004            76                                                HCHO            757  2.128558E+006  BIACETO=CH3CO3+HCHO+CO
  3.240000E+004            76                                                HCHO            764  1.009867E+003  HOCH2CO2H+OH=HCHO+HO2
  3.240000E+004            76                                                HCHO            766  3.358866E+002  HOCH2CO3H=HCHO+HO2+OH
  3.240000E+004            76                                                HCHO            767  4.256702E+003  PHAN+OH=HCHO+CO+NO2
  3.240000E+004            76                                                HCHO            787  1.598221E+005  HMVKAO=MGLYOX+HCHO+HO2
  3.240000E+004            76                                                HCHO            806  3.745193E+005  CHOCOCH2O=HCHO+HCOCO
  3.240000E+004            76                                                HCHO            832  4.149493E+004  HCOCH2OOH=HO2+CO+HCHO+OH
  3.240000E+004            76                                                HCHO            833  4.142989E+006  HCOCH2O=HCHO+CO+HO2
  3.240000E+004            76                                                HCHO            836  4.484213E+004  GLYOX=HCHO+CO
  3.240000E+004            76                                                HCHO            842  7.158474E+003  HOCH2CHO=HO2+HCHO+HO2+CO
  3.240000E+004            76                                                HCHO            846  1.511631E+005  C621O=HCHO+H1C23C4CHO+HO2
  3.240000E+004            76                                                HCHO            868  8.869267E+003  C813NO3+OH=CH3COCH3+CO13C3CO2H+HCHO+NO2
  3.240000E+004            76                                                HCHO            927  4.459259E+005  C516O=CO13C3CO2H+HCHO+HO2
  3.240000E+004            76                                                HCHO            939  6.137933E+004  H1C23C4O=HCHO+CO+HOCH2CO3
  3.600000E+004            76                                                HCHO            165  2.260658E+003  C109OOH=C89CO3+HCHO+OH
  3.600000E+004            76                                                HCHO            166  8.803718E+004  C109O=C89CO3+HCHO
  3.600000E+004            76                                                HCHO            172  1.740954E+003  C109OH=C89CO3+HCHO+HO2
  3.600000E+004            76                                                HCHO            274  5.774947E+004  CH3O2+HO2=HCHO
  3.600000E+004            76                                                HCHO            281  6.704439E+004  CH3O2=HCHO
  3.600000E+004            76                                                HCHO            351  1.041031E+005  CH3COCH2O=CH3CO3+HCHO
  3.600000E+004            76                                                HCHO            354  1.908658E+002  HYPERACET=CH3CO3+HCHO+OH
  3.600000E+004            76                                                HCHO            357  5.628287E+001  ACETOL=CH3CO3+HCHO+HO2
  3.600000E+004            76                                                HCHO            364  3.258148E+003  PAN+OH=HCHO+CO+NO2
  3.600000E+004            76                                                HCHO            368  6.085277E+004  OH+CH3OOH=HCHO+OH
  3.600000E+004            76                                                HCHO            370  5.972091E+000  OH+CH3NO3=HCHO+NO2
  3.600000E+004            76                                                HCHO            371  5.791031E+006  CH3O=HCHO+HO2
  3.600000E+004            76                                                HCHO            373  2.232234E+003  CH3OH+OH=HO2+HCHO
  3.600000E+004            76                                                HCHO            567  2.230847E+006  CHOC3COO=HCOCH2CO3+HCHO
  3.600000E+004            76                                                HCHO            595  2.940710E+005  H3C25C6O=H3C2C4CO3+HCHO
  3.600000E+004            76                                                HCHO            604  1.253826E+006  CO235C6O=CO23C4CO3+HCHO
  3.600000E+004            76                                                HCHO            662  1.200547E+004  HOCH2CO3+HO2=HO2+HCHO+OH
  3.600000E+004            76                                                HCHO            665  2.318956E+005  HOCH2CO3+NO=NO2+HO2+HCHO
  3.600000E+004            76                                                HCHO            667  7.663559E+001  HOCH2CO3+NO3=NO2+HO2+HCHO
  3.600000E+004            76                                                HCHO            668  3.353468E+004  HOCH2CO3=HCHO+HO2
  3.600000E+004            76                                                HCHO            675  2.837145E+006  C614O=CO23C4CHO+HCHO+HO2
  3.600000E+004            76                                                HCHO            757  2.310528E+006  BIACETO=CH3CO3+HCHO+CO
  3.600000E+004            76                                                HCHO            764  1.977415E+003  HOCH2CO2H+OH=HCHO+HO2
  3.600000E+004            76                                                HCHO            766  5.410016E+002  HOCH2CO3H=HCHO+HO2+OH
  3.600000E+004            76                                                HCHO            767  5.585935E+003  PHAN+OH=HCHO+CO+NO2
  3.600000E+004            76                                                HCHO            787  2.079707E+005  HMVKAO=MGLYOX+HCHO+HO2
  3.600000E+004            76                                                HCHO            806  5.619687E+005  CHOCOCH2O=HCHO+HCOCO
  3.600000E+004            76                                                HCHO            832  6.255373E+004  HCOCH2OOH=HO2+CO+HCHO+OH
  3.600000E+004            76                                                HCHO            833  4.059052E+006  HCOCH2O=HCHO+CO+HO2
  3.600000E+004            76                                                HCHO            836  7.070418E+004  GLYOX=HCHO+CO
  3.600000E+004            76                                                HCHO            842  1.111126E+004  HOCH2CHO=HO2+HCHO+HO2+CO
  3.600000E+004            76                                                HCHO            846  1.587261E+005  C621O=HCHO+H1C23C4CHO+HO2
  3.600000E+004            76                                                HCHO            868  1.010882E+004  C813NO3+OH=CH3COCH3+CO13C3CO2H+HCHO+NO2
  3.600000E+004            76                                                HCHO            927  4.420767E+005  C516O=CO13C3CO2H+HCHO+HO2
  3.600000E+004            76                                                HCHO            939  5.666810E+004  H1C23C4O=HCHO+CO+HOCH2CO3
  3.960000E+004            76                                                HCHO            165  1.288326E+003  C109OOH=C89CO3+HCHO+OH
  3.960000E+004            76                                                HCHO            166  2.627123E+004  C109O=C89CO3+HCHO
  3.960000E+004            76                                                HCHO            172  1.142286E+003  C109OH=C89CO3+HCHO+HO2
  3.960000E+004            76                                                HCHO            274  5.801236E+004  CH3O2+HO2=HCHO
  3.960000E+004            76                                                HCHO            281  5.933059E+004  CH3O2=HCHO
  3.960000E+004            76                                                HCHO            351  1.579883E+005  CH3COCH2O=CH3CO3+HCHO
  3.960000E+004            76                                                HCHO            354  3.524329E+002  HYPERACET=CH3CO3+HCHO+OH
  3.960000E+004            76                                                HCHO            357  9.524705E+001  ACETOL=CH3CO3+HCHO+HO2
  3.960000E+004            76                                                HCHO            364  4.481853E+003  PAN+OH=HCHO+CO+NO2
  3.960000E+004            76                                                HCHO            368  1.033787E+005  OH+CH3OOH=HCHO+OH
  3.960000E+004            76                                                HCHO            370  1.001002E+001  OH+CH3NO3=HCHO+NO2
  3.960000E+004            76                                                HCHO            371  5.784983E+006  CH3O=HCHO+HO2
  3.960000E+004            76                                                HCHO            373  3.808670E+003  CH3OH+OH=HO2+HCHO
  3.960000E+004            76                                                HCHO            567  1.797103E+006  CHOC3COO=HCOCH2CO3+HCHO
  3.960000E+004            76                                                HCHO            595  2.756006E+005  H3C25C6O=H3C2C4CO3+HCHO
  3.960000E+004            76                                                HCHO            604  1.183386E+006  CO235C6O=CO23C4CO3+HCHO
  3.960000E+004            76                                                HCHO            662  1.139221E+004  HOCH2CO3+HO2=HO2+HCHO+OH
  3.960000E+004            76                                                HCHO            665  2.188457E+005  HOCH2CO3+NO=NO2+HO2+HCHO
  3.960000E+004            76                                                HCHO            667  8.645583E+001  HOCH2CO3+NO3=NO2+HO2+HCHO
  3.960000E+004            76                                                HCHO            668  2.803280E+004  HOCH2CO3=HCHO+HO2
  3.960000E+004            76                                                HCHO            675  2.808307E+006  C614O=CO23C4CHO+HCHO+HO2
  3.960000E+004            76                                                HCHO            757  2.430288E+006  BIACETO=CH3CO3+HCHO+CO
  3.960000E+004            76                                                HCHO            764  3.255883E+003  HOCH2CO2H+OH=HCHO+HO2
  3.960000E+004            76                                                HCHO            766  7.129511E+002  HOCH2CO3H=HCHO+HO2+OH
  3.960000E+004            76                                                HCHO            767  7.143020E+003  PHAN+OH=HCHO+CO+NO2
  3.960000E+004            76                                                HCHO            787  2.474777E+005  HMVKAO=MGLYOX+HCHO+HO2
  3.960000E+004            76                                                HCHO            806  7.257751E+005  CHOCOCH2O=HCHO+HCOCO
  3.960000E+004            76                                                HCHO            832  7.023759E+004  HCOCH2OOH=HO2+CO+HCHO+OH
  3.960000E+004            76                                                HCHO            833  3.720141E+006  HCOCH2O=HCHO+CO+HO2
  3.960000E+004            76                                                HCHO            836  9.802149E+004  GLYOX=HCHO+CO
  3.960000E+004            76                                                HCHO            842  1.347791E+004  HOCH2CHO=HO2+HCHO+HO2+CO
  3.960000E+004            76                                                HCHO            846  1.659238E+005  C621O=HCHO+H1C23C4CHO+HO2
  3.960000E+004            76                                                HCHO            868  1.093660E+004  C813NO3+OH=CH3COCH3+CO13C3CO2H+HCHO+NO2
  3.960000E+004            76                                                HCHO            927  4.315121E+005  C516O=CO13C3CO2H+HCHO+HO2
  3.960000E+004            76                                                HCHO            939  5.461932E+004  H1C23C4O=HCHO+CO+HOCH2CO3
  4.320000E+004            76                                                HCHO            165  5.156865E+002  C109OOH=C89CO3+HCHO+OH
  4.320000E+004            76                                                HCHO            166  6.292672E+003  C109O=C89CO3+HCHO
  4.320000E+004            76                                                HCHO            172  6.093927E+002  C109OH=C89CO3+HCHO+HO2
  4.320000E+004            76                                                HCHO            274  5.687763E+004  CH3O2+HO2=HCHO
  4.320000E+004            76                                                HCHO            281  5.237177E+004  CH3O2=HCHO
  4.320000E+004            76                                                HCHO            351  2.243461E+005  CH3COCH2O=CH3CO3+HCHO
  4.320000E+004            76                                                HCHO            354  5.500196E+002  HYPERACET=CH3CO3+HCHO+OH
  4.320000E+004            76                                                HCHO            357  1.398688E+002  ACETOL=CH3CO3+HCHO+HO2
  4.320000E+004            76                                                HCHO            364  5.863259E+003  PAN+OH=HCHO+CO+NO2
  4.320000E+004            76                                                HCHO            368  1.499730E+005  OH+CH3OOH=HCHO+OH
  4.320000E+004            76                                                HCHO            370  1.526255E+001  OH+CH3NO3=HCHO+NO2
  4.320000E+004            76                                                HCHO            371  5.748670E+006  CH3O=HCHO+HO2
  4.320000E+004            76                                                HCHO            373  5.734519E+003  CH3OH+OH=HO2+HCHO
  4.320000E+004            76                                                HCHO            567  1.291326E+006  CHOC3COO=HCOCH2CO3+HCHO
  4.320000E+004            76                                                HCHO            595  2.067683E+005  H3C25C6O=H3C2C4CO3+HCHO
  4.320000E+004            76                                                HCHO            604  1.082812E+006  CO235C6O=CO23C4CO3+HCHO
  4.320000E+004            76                                                HCHO            662  1.087953E+004  HOCH2CO3+HO2=HO2+HCHO+OH
  4.320000E+004            76                                                HCHO            665  2.119085E+005  HOCH2CO3+NO=NO2+HO2+HCHO
  4.320000E+004            76                                                HCHO            667  9.734064E+001  HOCH2CO3+NO3=NO2+HO2+HCHO
  4.320000E+004            76                                                HCHO            668  2.410273E+004  HOCH2CO3=HCHO+HO2
  4.320000E+004            76                                                HCHO            675  2.686528E+006  C614O=CO23C4CHO+HCHO+HO2
  4.320000E+004            76                                                HCHO            757  2.487310E+006  BIACETO=CH3CO3+HCHO+CO
  4.320000E+004            76                                                HCHO            764  4.729696E+003  HOCH2CO2H+OH=HCHO+HO2
  4.320000E+004            76                                                HCHO            766  8.243041E+002  HOCH2CO3H=HCHO+HO2+OH
  4.320000E+004            76                                                HCHO            767  8.974263E+003  PHAN+OH=HCHO+CO+NO2
  4.320000E+004            76                                                HCHO            787  2.633047E+005  HMVKAO=MGLYOX+HCHO+HO2
  4.320000E+004            76                                                HCHO            806  8.052857E+005  CHOCOCH2O=HCHO+HCOCO
  4.320000E+004            76                                                HCHO            832  6.310075E+004  HCOCH2OOH=HO2+CO+HCHO+OH
  4.320000E+004            76                                                HCHO            833  3.227806E+006  HCOCH2O=HCHO+CO+HO2
  4.320000E+004            76                                                HCHO            836  1.197497E+005  GLYOX=HCHO+CO
  4.320000E+004            76                                                HCHO            842  1.376371E+004  HOCH2CHO=HO2+HCHO+HO2+CO
  4.320000E+004            76                                                HCHO            846  1.695667E+005  C621O=HCHO+H1C23C4CHO+HO2
  4.320000E+004            76                                                HCHO            868  1.122295E+004  C813NO3+OH=CH3COCH3+CO13C3CO2H+HCHO+NO2
  4.320000E+004            76                                                HCHO            927  4.081766E+005  C516O=CO13C3CO2H+HCHO+HO2
  4.320000E+004            76                                                HCHO            939  5.513342E+004  H1C23C4O=HCHO+CO+HOCH2CO3
