           time speciesNumber speciesName reactionNumber           rate  reaction                                                                                                                                                                                                                                                                                                                                                                                                                                                                                                                                                                                                                                                                                                                                                                                                                                                                                                                                                        
  3.600000E+003            76                                                HCHO            227  0.000000E+000  HCHO=CO+HO2+HO2
  3.600000E+003            76                                                HCHO            228  0.000000E+000  HCHO=H2+CO
  3.600000E+003            76                                                HCHO            229 -2.919639E-016  NO3+HCHO=HNO3+CO+HO2
  3.600000E+003            76                                                HCHO            230  6.649958E+004  OH+HCHO=HO2+CO
  7.200000E+003            76                                                HCHO            227  0.000000E+000  HCHO=CO+HO2+HO2
  7.200000E+003            76                                                HCHO            228  0.000000E+000  HCHO=H2+CO
  7.200000E+003            76                                                HCHO            229 -9.671797E-012  NO3+HCHO=HNO3+CO+HO2
  7.200000E+003            76                                                HCHO            230  8.635679E+004  OH+HCHO=HO2+CO
  1.080000E+004            76                                                HCHO            227  0.000000E+000  HCHO=CO+HO2+HO2
  1.080000E+004            76                                                HCHO            228  0.000000E+000  HCHO=H2+CO
  1.080000E+004            76                                                HCHO            229 -6.874156E-008  NO3+HCHO=HNO3+CO+HO2
  1.080000E+004            76                                                HCHO            230  8.992536E+004  OH+HCHO=HO2+CO
  1.440000E+004            76                                                HCHO            227  1.639256E+000  HCHO=CO+HO2+HO2
  1.440000E+004            76                                                HCHO            228  1.696454E+001  HCHO=H2+CO
  1.440000E+004            76                                                HCHO            229 -4.523040E-015  NO3+HCHO=HNO3+CO+HO2
  1.440000E+004            76                                                HCHO            230  8.734679E+004  OH+HCHO=HO2+CO
  1.800000E+004            76                                                HCHO            227  7.588485E+004  HCHO=CO+HO2+HO2
  1.800000E+004            76                                                HCHO            228  2.197374E+005  HCHO=H2+CO
  1.800000E+004            76                                                HCHO            229 -2.632463E-015  NO3+HCHO=HNO3+CO+HO2
  1.800000E+004            76                                                HCHO            230  1.235923E+005  OH+HCHO=HO2+CO
  2.160000E+004            76                                                HCHO            227  4.009416E+005  HCHO=CO+HO2+HO2
  2.160000E+004            76                                                HCHO            228  8.985207E+005  HCHO=H2+CO
  2.160000E+004            76                                                HCHO            229 -1.419493E-015  NO3+HCHO=HNO3+CO+HO2
  2.160000E+004            76                                                HCHO            230  1.930941E+005  OH+HCHO=HO2+CO
  2.520000E+004            76                                                HCHO            227  9.380672E+005  HCHO=CO+HO2+HO2
  2.520000E+004            76                                                HCHO            228  1.832818E+006  HCHO=H2+CO
  2.520000E+004            76                                                HCHO            229 -9.994827E-016  NO3+HCHO=HNO3+CO+HO2
  2.520000E+004            76                                                HCHO            230  2.631257E+005  OH+HCHO=HO2+CO
  2.880000E+004            76                                                HCHO            227  1.518504E+006  HCHO=CO+HO2+HO2
  2.880000E+004            76                                                HCHO            228  2.718340E+006  HCHO=H2+CO
  2.880000E+004            76                                                HCHO            229 -9.582434E-016  NO3+HCHO=HNO3+CO+HO2
  2.880000E+004            76                                                HCHO            230  3.107872E+005  OH+HCHO=HO2+CO
  3.240000E+004            76                                                HCHO            227  1.955813E+006  HCHO=CO+HO2+HO2
  3.240000E+004            76                                                HCHO            228  3.302855E+006  HCHO=H2+CO
  3.240000E+004            76                                                HCHO            229 -9.489146E-016  NO3+HCHO=HNO3+CO+HO2
  3.240000E+004            76                                                HCHO            230  3.331264E+005  OH+HCHO=HO2+CO
  3.600000E+004            76                                                HCHO            227  2.161760E+006  HCHO=CO+HO2+HO2
  3.600000E+004            76                                                HCHO            228  3.515803E+006  HCHO=H2+CO
  3.600000E+004            76                                                HCHO            229 -1.460712E-014  NO3+HCHO=HNO3+CO+HO2
  3.600000E+004            76                                                HCHO            230  3.368658E+005  OH+HCHO=HO2+CO
  3.960000E+004            76                                                HCHO            227  2.154041E+006  HCHO=CO+HO2+HO2
  3.960000E+004            76                                                HCHO            228  3.430423E+006  HCHO=H2+CO
  3.960000E+004            76                                                HCHO            229 -1.388094E-012  NO3+HCHO=HNO3+CO+HO2
  3.960000E+004            76                                                HCHO            230  3.262457E+005  OH+HCHO=HO2+CO
  4.320000E+004            76                                                HCHO            227  2.001786E+006  HCHO=CO+HO2+HO2
  4.320000E+004            76                                                HCHO            228  3.168057E+006  HCHO=H2+CO
  4.320000E+004            76                                                HCHO            229 -2.283970E-012  NO3+HCHO=HNO3+CO+HO2
  4.320000E+004            76                                                HCHO            230  3.036892E+005  OH+HCHO=HO2+CO
